\BOOKMARK [0][-]{chapter.1}{\376\377\000L\000e\000t\040\031\000s\000\040\000l\000o\000a\000d\000\040\000s\000o\000m\000e\000\040\000m\000o\000d\000u\000l\000e\000s\000\040\000f\000o\000r\000\040\000t\000h\000e\000\040\000n\000o\000t\000e\000b\000o\000o\000k}{}% 1
\BOOKMARK [0][-]{chapter.2}{\376\377\000T\000o\000d\000a\000y\040\031\000s\000\040\000l\000e\000c\000t\000u\000r\000e}{}% 2
\BOOKMARK [0][-]{chapter.3}{\376\377\000R\000e\000f\000e\000r\000e\000n\000c\000e\000s}{}% 3
\BOOKMARK [0][-]{chapter.4}{\376\377\000M\000o\000t\000i\000v\000a\000t\000i\000o\000n}{}% 4
\BOOKMARK [1][-]{section.4.1}{\376\377\000S\000e\000a\000n\000\040\000T\000a\000y\000l\000o\000r\000\040\000\050\000R\000e\000s\000e\000a\000r\000c\000h\000\040\000S\000c\000i\000e\000n\000t\000i\000s\000t\000\040\000a\000t\000\040\000F\000a\000c\000e\000b\000o\000o\000k\000\051}{chapter.4}% 5
\BOOKMARK [1][-]{section.4.2}{\376\377\000A\000n\000d\000r\000e\000j\000\040\000K\000a\000r\000p\000a\000t\000h\000y\000\040\000\050\000D\000i\000r\000e\000c\000t\000o\000r\000\040\000o\000f\000\040\000A\000I\000\040\000a\000t\000\040\000T\000e\000s\000l\000a\000\051}{chapter.4}% 6
\BOOKMARK [1][-]{section.4.3}{\376\377\000K\000a\000t\000h\000y\000\040\000S\000c\000o\000t\000t\000\040\000\050\000I\000m\000a\000g\000e\000\040\000A\000n\000a\000l\000y\000t\000i\000c\000s\000\040\000L\000e\000a\000d\000\040\000a\000t\000\040\000P\000l\000a\000n\000e\000t\000\040\000L\000a\000b\000s\000\051}{chapter.4}% 7
\BOOKMARK [1][-]{section.4.4}{\376\377\000D\000a\000t\000a\000\040\000i\000s\000\040\000i\000m\000p\000o\000r\000t\000a\000n\000t}{chapter.4}% 8
\BOOKMARK [1][-]{section.4.5}{\376\377\000D\000a\000t\000a\000\040\000i\000s\000\040\000r\000e\000u\000s\000a\000b\000l\000e}{chapter.4}% 9
\BOOKMARK [1][-]{section.4.6}{\376\377\000D\000a\000t\000a\000\040\000r\000e\000c\000y\000c\000l\000i\000n\000g\000\040\000s\000a\000v\000e\000s\000\040\000t\000i\000m\000e\000\040\000a\000n\000d\000\040\000i\000m\000p\000r\000o\000v\000e\000s\000\040\000p\000e\000r\000f\000o\000r\000m\000a\000n\000c\000e}{chapter.4}% 10
\BOOKMARK [0][-]{chapter.5}{\376\377\000F\000a\000m\000o\000u\000s\000\040\000D\000a\000t\000a\000s\000e\000t\000s}{}% 11
\BOOKMARK [1][-]{section.5.1}{\376\377\000M\000N\000I\000S\000T\000\040\000D\000i\000g\000i\000t\000s}{chapter.5}% 12
\BOOKMARK [1][-]{section.5.2}{\376\377\000I\000m\000a\000g\000e\000N\000e\000t}{chapter.5}% 13
\BOOKMARK [1][-]{section.5.3}{\376\377\000B\000R\000A\000T\000S}{chapter.5}% 14
\BOOKMARK [1][-]{section.5.4}{\376\377\000W\000h\000a\000t\000\040\000s\000t\000o\000r\000y\000\040\000d\000i\000d\000\040\000t\000h\000e\000s\000e\000\040\000d\000a\000t\000a\000s\000e\000t\000s\000\040\000t\000e\000l\000l\000?}{chapter.5}% 15
\BOOKMARK [1][-]{section.5.5}{\376\377\000S\000o\000\040\000D\000e\000e\000p\000\040\000L\000e\000a\000r\000n\000i\000n\000g\000\040\000a\000l\000w\000a\000y\000s\000\040\000w\000i\000n\000s\000?}{chapter.5}% 16
\BOOKMARK [1][-]{section.5.6}{\376\377\000O\000t\000h\000e\000r\000\040\000D\000a\000t\000a\000s\000e\000t\000s}{chapter.5}% 17
\BOOKMARK [1][-]{section.5.7}{\376\377\000W\000h\000a\000t\000\040\000m\000a\000k\000e\000s\000\040\000a\000\040\000g\000o\000o\000d\000\040\000d\000a\000t\000a\000s\000e\000t\000?}{chapter.5}% 18
\BOOKMARK [1][-]{section.5.8}{\376\377\000W\000h\000a\000t\000\040\000m\000a\000k\000e\000s\000\040\000a\000\040\000g\000o\000o\000d\000\040\000d\000a\000t\000a\000s\000e\000t\000?}{chapter.5}% 19
\BOOKMARK [1][-]{section.5.9}{\376\377\000W\000h\000a\000t\000\040\000m\000a\000k\000e\000s\000\040\000a\000\040\000g\000o\000o\000d\000\040\000d\000a\000t\000a\000s\000e\000t\000?}{chapter.5}% 20
\BOOKMARK [0][-]{chapter.6}{\376\377\000P\000u\000r\000p\000o\000s\000e\000\040\000o\000f\000\040\000d\000i\000f\000f\000e\000r\000e\000n\000t\000\040\000t\000y\000p\000e\000s\000\040\000o\000f\000\040\000D\000a\000t\000a\000s\000e\000t\000s}{}% 21
\BOOKMARK [1][-]{section.6.1}{\376\377\000C\000l\000a\000s\000s\000i\000f\000i\000c\000a\000t\000i\000o\000n}{chapter.6}% 22
\BOOKMARK [1][-]{section.6.2}{\376\377\000R\000e\000g\000r\000e\000s\000s\000i\000o\000n}{chapter.6}% 23
\BOOKMARK [1][-]{section.6.3}{\376\377\000S\000e\000g\000m\000e\000n\000t\000a\000t\000i\000o\000n}{chapter.6}% 24
\BOOKMARK [1][-]{section.6.4}{\376\377\000D\000e\000t\000e\000c\000t\000i\000o\000n}{chapter.6}% 25
\BOOKMARK [1][-]{section.6.5}{\376\377\000O\000t\000h\000e\000r}{chapter.6}% 26
\BOOKMARK [0][-]{chapter.7}{\376\377\000B\000u\000i\000l\000d\000i\000n\000g\000\040\000y\000o\000u\000r\000\040\000o\000w\000n\000\040\000d\000a\000t\000a\000\040\000s\000e\000t\000s}{}% 27
\BOOKMARK [1][-]{section.7.1}{\376\377\000C\000o\000d\000e\000-\000f\000r\000e\000e}{chapter.7}% 28
\BOOKMARK [1][-]{section.7.2}{\376\377\000S\000o\000f\000t\000w\000a\000r\000e\000\040\000f\000o\000r\000\040\000d\000a\000t\000a\000\040\000l\000a\000b\000e\000l\000l\000i\000n\000g}{chapter.7}% 29
\BOOKMARK [1][-]{section.7.3}{\376\377\000S\000i\000m\000u\000l\000a\000t\000i\000o\000n\000s}{chapter.7}% 30
\BOOKMARK [0][-]{chapter.8}{\376\377\000D\000a\000t\000a\000s\000e\000t\000\040\000P\000r\000o\000b\000l\000e\000m\000s}{}% 31
\BOOKMARK [1][-]{section.8.1}{\376\377\000B\000i\000a\000s}{chapter.8}% 32
\BOOKMARK [1][-]{section.8.2}{\376\377\000B\000e\000t\000t\000e\000r\000\040\000s\000o\000l\000u\000t\000i\000o\000n\000\040\000w\000o\000u\000l\000d\000\040\000b\000e\000\040\000t\000o\000\040\000h\000a\000v\000e\000\040\000t\000r\000a\000i\000n\000i\000n\000g\000\040\000s\000e\000t\000s\000\040\000w\000i\000t\000h\000\040\000m\000o\000r\000e\000\040\000d\000i\000v\000e\000r\000s\000e\000\040\000p\000e\000o\000p\000l\000e}{chapter.8}% 33
\BOOKMARK [0][-]{chapter.9}{\376\377\000E\000x\000a\000m\000p\000l\000e\000\040\000o\000f\000\040\000i\000m\000a\000g\000e\000\040\000d\000a\000t\000a\000\040\000a\000n\000d\000\040\000l\000a\000b\000e\000l\000s}{}% 34
\BOOKMARK [0][-]{chapter.10}{\376\377\000A\000u\000g\000m\000e\000n\000t\000a\000t\000i\000o\000n}{}% 35
\BOOKMARK [1][-]{section.10.1}{\376\377\000H\000a\000n\000d\000l\000i\000n\000g\000\040\000l\000i\000m\000i\000t\000e\000d\000\040\000d\000a\000t\000a}{chapter.10}% 36
\BOOKMARK [1][-]{section.10.2}{\376\377\000S\000o\000m\000e\000\040\000a\000u\000g\000m\000e\000n\000t\000a\000t\000i\000o\000n\000\040\000e\000x\000a\000m\000p\000l\000e\000s}{chapter.10}% 37
\BOOKMARK [1][-]{section.10.3}{\376\377\000L\000i\000m\000i\000t\000a\000t\000i\000o\000n\000s\000\040\000o\000f\000\040\000a\000u\000g\000m\000e\000n\000t\000a\000t\000i\000o\000n}{chapter.10}% 38
\BOOKMARK [1][-]{section.10.4}{\376\377\000K\000e\000r\000a\000s\000\040\000I\000m\000a\000g\000e\000D\000a\000t\000a\000G\000e\000n\000e\000r\000a\000t\000o\000r}{chapter.10}% 39
\BOOKMARK [1][-]{section.10.5}{\376\377\000M\000N\000I\000S\000T}{chapter.10}% 40
\BOOKMARK [0][-]{chapter.11}{\376\377\000A\000\040\000l\000a\000r\000g\000e\000r\000\040\000o\000p\000e\000n\000\040\000d\000a\000t\000a\000\040\000s\000e\000t}{}% 41
\BOOKMARK [0][-]{chapter.12}{\376\377\000B\000a\000s\000e\000l\000i\000n\000e\000s}{}% 42
\BOOKMARK [1][-]{section.12.1}{\376\377\000B\000a\000s\000e\000l\000i\000n\000e\000\040\000m\000o\000d\000e\000l\000\040\000e\000x\000a\000m\000p\000l\000e}{chapter.12}% 43
\BOOKMARK [1][-]{section.12.2}{\376\377\000T\000h\000e\000\040\000d\000u\000m\000m\000y\000\040\000c\000l\000a\000s\000s\000i\000f\000i\000e\000r}{chapter.12}% 44
\BOOKMARK [1][-]{section.12.3}{\376\377\000T\000r\000y\000\040\000d\000u\000m\000m\000y\000\040\000c\000l\000a\000s\000s\000i\000f\000i\000e\000r\000\040\000o\000n\000\040\000M\000N\000I\000S\000T\000\040\000d\000a\000t\000a}{chapter.12}% 45
\BOOKMARK [1][-]{section.12.4}{\376\377\000L\000e\000t\040\031\000s\000\040\000t\000r\000a\000i\000n\000\040\000t\000h\000e\000\040\000m\000o\000d\000e\000l\040\046}{chapter.12}% 46
\BOOKMARK [1][-]{section.12.5}{\376\377\000N\000e\000a\000r\000e\000s\000t\000\040\000N\000e\000i\000g\000h\000b\000o\000r}{chapter.12}% 47
\BOOKMARK [1][-]{section.12.6}{\376\377\000H\000o\000w\000\040\000g\000o\000o\000d\000\040\000i\000s\000\040\000g\000o\000o\000d\000?}{chapter.12}% 48
\BOOKMARK [0][-]{chapter.13}{\376\377\000S\000u\000m\000m\000a\000r\000y}{}% 49
