\BOOKMARK [0][-]{chapter.1}{\376\377\000S\000h\000a\000p\000e\000\040\000a\000n\000a\000l\000y\000s\000i\000s}{}% 1
\BOOKMARK [1][-]{section.1.1}{\376\377\000P\000r\000e\000v\000i\000o\000u\000s\000l\000y\000\040\000o\000n\000\040\000Q\000B\000I\000\040\040\046}{chapter.1}% 2
\BOOKMARK [1][-]{section.1.2}{\376\377\000L\000e\000a\000r\000n\000i\000n\000g\000\040\000O\000b\000j\000e\000c\000t\000i\000v\000e\000s}{chapter.1}% 3
\BOOKMARK [1][-]{section.1.3}{\376\377\000O\000u\000t\000l\000i\000n\000e}{chapter.1}% 4
\BOOKMARK [1][-]{section.1.4}{\376\377\000M\000e\000t\000r\000i\000c\000s}{chapter.1}% 5
\BOOKMARK [1][-]{section.1.5}{\376\377\000M\000o\000t\000i\000v\000a\000t\000i\000o\000n}{chapter.1}% 6
\BOOKMARK [1][-]{section.1.6}{\376\377\000L\000i\000t\000e\000r\000a\000t\000u\000r\000e\000\040\000/\000\040\000U\000s\000e\000f\000u\000l\000\040\000R\000e\000f\000e\000r\000e\000n\000c\000e\000s}{chapter.1}% 7
\BOOKMARK [1][-]{section.1.7}{\376\377\000L\000e\000t\040\031\000s\000\040\000l\000o\000a\000d\000\040\000s\000o\000m\000e\000\040\000m\000o\000d\000u\000l\000e\000s\000\040\000f\000o\000r\000\040\000p\000y\000t\000h\000o\000n}{chapter.1}% 8
\BOOKMARK [0][-]{chapter.2}{\376\377\000C\000o\000m\000p\000o\000n\000e\000n\000t\000\040\000l\000a\000b\000e\000l\000l\000i\000n\000g}{}% 9
\BOOKMARK [1][-]{section.2.1}{\376\377\000S\000e\000g\000m\000e\000n\000t\000a\000t\000i\000o\000n}{chapter.2}% 10
\BOOKMARK [1][-]{section.2.2}{\376\377\000T\000o\000\040\000m\000e\000a\000s\000u\000r\000e\000\040\000o\000b\000j\000e\000c\000t\000s\000\040\000i\000n\000\040\000a\000n\000\040\000i\000m\000a\000g\000e\000,\000\040\000t\000h\000e\000y\000\040\000n\000e\000e\000d\000\040\000t\000o\000\040\000b\000e\000\040\000u\000n\000i\000q\000u\000e\000l\000y\000\040\000i\000d\000e\000n\000t\000i\000f\000i\000e\000d\000.}{chapter.2}% 11
\BOOKMARK [1][-]{section.2.3}{\376\377\000A\000\040\000c\000i\000t\000y\000s\000c\000a\000p\000e\000\040\000i\000m\000a\000g\000e}{chapter.2}% 12
\BOOKMARK [1][-]{section.2.4}{\376\377\000C\000o\000n\000n\000e\000c\000t\000e\000d\000\040\000c\000o\000m\000p\000o\000n\000e\000n\000t\000\040\000l\000a\000b\000e\000l\000i\000n\000g\000\040\000i\000n\000\040\000p\000y\000t\000h\000o\000n}{chapter.2}% 13
\BOOKMARK [1][-]{section.2.5}{\376\377\000L\000a\000b\000e\000l\000s\000\040\000i\000n\000\040\000t\000h\000e\000\040\000c\000i\000t\000y\000s\000c\000a\000p\000e\000\040\000i\000m\000a\000g\000e}{chapter.2}% 14
\BOOKMARK [1][-]{section.2.6}{\376\377\000A\000r\000e\000a\000\040\000o\000f\000\040\000e\000a\000c\000h\000\040\000s\000e\000g\000m\000e\000n\000t}{chapter.2}% 15
\BOOKMARK [0][-]{chapter.3}{\376\377\000A\000\040\000c\000o\000m\000p\000o\000n\000e\000n\000t\000\040\000l\000a\000b\000e\000l\000i\000n\000g\000\040\000a\000l\000g\000o\000r\000i\000t\000h\000m}{}% 16
\BOOKMARK [1][-]{section.3.1}{\376\377\000L\000a\000b\000e\000l\000i\000n\000g\000\040\000i\000n\000i\000t\000i\000a\000l\000i\000z\000a\000t\000i\000o\000n}{chapter.3}% 17
\BOOKMARK [1][-]{section.3.2}{\376\377\000A\000\040\000b\000r\000u\000s\000h\000f\000i\000r\000e\000\040\000l\000a\000b\000e\000l\000i\000n\000g\000\040\000a\000l\000g\000o\000r\000i\000t\000h\000m}{chapter.3}% 18
\BOOKMARK [1][-]{section.3.3}{\376\377\000B\000i\000g\000g\000e\000r\000\040\000I\000m\000a\000g\000e\000s}{chapter.3}% 19
\BOOKMARK [1][-]{section.3.4}{\376\377\000D\000i\000f\000f\000e\000r\000e\000n\000t\000\040\000N\000e\000i\000g\000h\000b\000o\000r\000h\000o\000o\000d\000s}{chapter.3}% 20
\BOOKMARK [1][-]{section.3.5}{\376\377\000O\000r\000\040\000a\000\040\000s\000m\000a\000l\000l\000e\000r\000\040\000k\000e\000r\000n\000e\000l}{chapter.3}% 21
\BOOKMARK [1][-]{section.3.6}{\376\377\000C\000o\000m\000p\000a\000r\000i\000n\000g\000\040\000d\000i\000f\000f\000e\000r\000e\000n\000t\000\040\000n\000e\000i\000g\000h\000b\000o\000r\000h\000o\000o\000d\000s}{chapter.3}% 22
\BOOKMARK [0][-]{chapter.4}{\376\377\000B\000e\000y\000o\000n\000d\000\040\000c\000o\000m\000p\000o\000n\000e\000n\000t\000\040\000l\000a\000b\000e\000l\000i\000n\000g\000\040\000-\000\040\000w\000h\000a\000t\000\040\000c\000a\000n\000\040\000w\000e\000\040\000m\000e\000a\000s\000u\000r\000e\000?}{}% 23
\BOOKMARK [1][-]{section.4.1}{\376\377\000W\000h\000a\000t\000\040\000w\000e\000\040\000w\000o\000u\000l\000d\000\040\000l\000i\000k\000e\000\040\000t\000o\000\040\000t\000o\000\040\000d\000o}{chapter.4}% 24
\BOOKMARK [1][-]{section.4.2}{\376\377\000O\000b\000j\000e\000c\000t\000\040\000p\000o\000s\000i\000t\000i\000o\000n\000\040\000-\000\040\000C\000e\000n\000t\000e\000r\000\040\000o\000f\000\040\000V\000o\000l\000u\000m\000e\000\040\000\050\000C\000O\000V\000\051\000:\000\040\000W\000i\000t\000h\000\040\000a\000\040\000s\000i\000n\000g\000l\000e\000\040\000o\000b\000j\000e\000c\000t}{chapter.4}% 25
\BOOKMARK [1][-]{section.4.3}{\376\377\000C\000e\000n\000t\000e\000r\000\040\000o\000f\000\040\000M\000a\000s\000s\000\040\000\050\000C\000O\000M\000\051\000:\000\040\000W\000i\000t\000h\000\040\000a\000\040\000s\000i\000n\000g\000l\000e\000\040\000o\000b\000j\000e\000c\000t}{chapter.4}% 26
\BOOKMARK [1][-]{section.4.4}{\376\377\000F\000u\000r\000t\000h\000e\000r\000\040\000o\000b\000j\000e\000c\000t\000\040\000m\000e\000t\000r\000i\000c\000s}{chapter.4}% 27
\BOOKMARK [1][-]{section.4.5}{\376\377\000E\000x\000t\000e\000n\000t\000s\000:\000\040\000W\000i\000t\000h\000\040\000a\000\040\000s\000i\000n\000g\000l\000e\000\040\000o\000b\000j\000e\000c\000t}{chapter.4}% 28
\BOOKMARK [0][-]{chapter.5}{\376\377\000U\000s\000i\000n\000g\000\040\000r\000e\000g\000i\000o\000n\000p\000r\000o\000p\000s\000\040\000o\000n\000\040\000r\000e\000a\000l\000\040\000i\000m\000a\000g\000e\000s}{}% 29
\BOOKMARK [1][-]{section.5.1}{\376\377\000S\000h\000a\000p\000e\000\040\000A\000n\000a\000l\000y\000s\000i\000s}{chapter.5}% 30
\BOOKMARK [1][-]{section.5.2}{\376\377\000S\000t\000a\000t\000i\000s\000t\000i\000c\000s}{chapter.5}% 31
\BOOKMARK [0][-]{chapter.6}{\376\377\000O\000b\000j\000e\000c\000t\000\040\000a\000n\000i\000s\000o\000t\000r\000o\000p\000y}{}% 32
\BOOKMARK [1][-]{section.6.1}{\376\377\000A\000n\000i\000s\000o\000t\000r\000o\000p\000y\000:\000\040\000W\000h\000a\000t\000\040\000i\000s\000\040\000i\000t\000?}{chapter.6}% 33
\BOOKMARK [1][-]{section.6.2}{\376\377\000A\000\040\000v\000e\000r\000y\000\040\000v\000a\000g\000u\000e\000\040\000d\000e\000f\000i\000n\000i\000t\000i\000o\000n}{chapter.6}% 34
\BOOKMARK [0][-]{chapter.7}{\376\377\000S\000t\000a\000t\000i\000s\000t\000i\000c\000a\000l\000\040\000t\000o\000o\000l\000s}{}% 35
\BOOKMARK [1][-]{section.7.1}{\376\377\000U\000s\000e\000f\000u\000l\000\040\000S\000t\000a\000t\000i\000s\000t\000i\000c\000a\000l\000\040\000T\000o\000o\000l\000s}{chapter.7}% 36
\BOOKMARK [1][-]{section.7.2}{\376\377\000P\000r\000i\000n\000c\000i\000p\000a\000l\000\040\000C\000o\000m\000p\000o\000n\000e\000n\000t\000\040\000A\000n\000a\000l\000y\000s\000i\000s}{chapter.7}% 37
\BOOKMARK [1][-]{section.7.3}{\376\377\000T\000e\000s\000t\000\040\000D\000a\000t\000a\000s\000e\000t\000\040\000o\000f\000\040\000a\000\040\000n\000u\000m\000b\000e\000r\000\040\000o\000f\000\040\000c\000u\000r\000v\000e\000s}{chapter.7}% 38
\BOOKMARK [0][-]{chapter.8}{\376\377\000P\000r\000i\000n\000c\000i\000p\000a\000l\000\040\000C\000o\000m\000p\000o\000n\000e\000n\000t\000\040\000A\000n\000a\000l\000y\000s\000i\000s}{}% 39
\BOOKMARK [1][-]{section.8.1}{\376\377\000s\000c\000i\000k\000i\000t\000-\000l\000e\000a\000r\000n\000\040\000F\000a\000c\000e\000\040\000A\000n\000a\000l\000y\000i\000s}{chapter.8}% 40
\BOOKMARK [0][-]{chapter.9}{\376\377\000A\000p\000p\000l\000i\000e\000d\000\040\000P\000C\000A\000:\000\040\000S\000h\000a\000p\000e\000\040\000T\000e\000n\000s\000o\000r}{}% 41
\BOOKMARK [1][-]{section.9.1}{\376\377\000H\000o\000w\000\040\000d\000o\000\040\000t\000h\000e\000s\000e\000\040\000s\000t\000a\000t\000i\000s\000t\000i\000c\000a\000l\000\040\000a\000n\000a\000l\000y\000s\000e\000s\000\040\000h\000e\000l\000p\000\040\000u\000s\000?}{chapter.9}% 42
\BOOKMARK [1][-]{section.9.2}{\376\377\000P\000r\000i\000n\000c\000i\000p\000a\000l\000\040\000C\000o\000m\000p\000o\000n\000e\000n\000t\000\040\000A\000n\000a\000l\000y\000s\000i\000s\000:\000\040\000T\000a\000k\000e\000\040\000h\000o\000m\000e\000\040\000m\000e\000s\000s\000a\000g\000e}{chapter.9}% 43
\BOOKMARK [1][-]{section.9.3}{\376\377\000P\000r\000i\000n\000c\000i\000p\000a\000l\000\040\000C\000o\000m\000p\000o\000n\000e\000n\000t\000\040\000A\000n\000a\000l\000y\000s\000i\000s\000:\000\040\000E\000l\000l\000i\000p\000t\000i\000c\000a\000l\000\040\000M\000o\000d\000e\000l}{chapter.9}% 44
\BOOKMARK [0][-]{chapter.10}{\376\377\000M\000e\000s\000h\000i\000n\000g}{}% 45
\BOOKMARK [1][-]{section.10.1}{\376\377\000M\000e\000s\000h\000i\000n\000g}{chapter.10}% 46
\BOOKMARK [1][-]{section.10.2}{\376\377\000M\000a\000r\000c\000h\000i\000n\000g\000\040\000C\000u\000b\000e\000s}{chapter.10}% 47
\BOOKMARK [0][-]{chapter.11}{\376\377\000N\000e\000x\000t\000\040\000T\000i\000m\000e\000\040\000o\000n\000\040\000Q\000B\000I}{}% 48
\BOOKMARK [1][-]{section.11.1}{\376\377\000W\000h\000y}{chapter.11}% 49
\BOOKMARK [1][-]{section.11.2}{\376\377\000W\000h\000a\000t\000\040\000t\000o\000\040\000d\000o\000?}{chapter.11}% 50
\BOOKMARK [0][-]{chapter.12}{\376\377\000A\000d\000v\000a\000n\000c\000e\000d\000\040\000S\000h\000a\000p\000e\000\040\000a\000n\000d\000\040\000T\000e\000x\000t\000u\000r\000e}{}% 51
\BOOKMARK [1][-]{section.12.1}{\376\377\000L\000i\000t\000e\000r\000a\000t\000u\000r\000e\000\040\000/\000\040\000U\000s\000e\000f\000u\000l\000\040\000R\000e\000f\000e\000r\000e\000n\000c\000e\000s}{chapter.12}% 52
\BOOKMARK [1][-]{section.12.2}{\376\377\000O\000u\000t\000l\000i\000n\000e}{chapter.12}% 53
\BOOKMARK [1][-]{section.12.3}{\376\377\000L\000e\000a\000r\000n\000i\000n\000g\000\040\000O\000b\000j\000e\000c\000t\000i\000v\000e\000s}{chapter.12}% 54
\BOOKMARK [1][-]{section.12.4}{\376\377\000L\000e\000t\040\031\000s\000\040\000l\000o\000a\000d\000\040\000s\000o\000m\000e\000\040\000m\000o\000d\000u\000l\000e\000s\000\040\000f\000o\000r\000\040\000t\000h\000e\000\040\000n\000o\000t\000e\000b\000o\000o\000k}{chapter.12}% 55
\BOOKMARK [0][-]{chapter.13}{\376\377\000D\000i\000s\000t\000a\000n\000c\000e\000\040\000M\000a\000p\000s\000:\000\040\000W\000h\000a\000t\000\040\000a\000r\000e\000\040\000t\000h\000e\000y\000?}{}% 56
\BOOKMARK [1][-]{section.13.1}{\376\377\000D\000i\000s\000t\000a\000n\000c\000e\000\040\000m\000a\000p\000s\000\040\000i\000n\000\040\000p\000y\000t\000h\000o\000n}{chapter.13}% 57
\BOOKMARK [1][-]{section.13.2}{\376\377\000W\000h\000a\000t\000\040\000d\000o\000e\000s\000\040\000a\000\040\000d\000i\000s\000t\000a\000n\000c\000e\000\040\000m\000a\000p\000\040\000l\000o\000o\000k\000\040\000l\000i\000k\000e\000?}{chapter.13}% 58
\BOOKMARK [1][-]{section.13.3}{\376\377\000W\000h\000y\000\040\000d\000o\000e\000s\000\040\000s\000p\000e\000e\000d\000\040\000m\000a\000t\000t\000e\000r\000?}{chapter.13}% 59
\BOOKMARK [1][-]{section.13.4}{\376\377\000D\000i\000s\000t\000a\000n\000c\000e\000\040\000m\000a\000p\000\040\000-\000\040\000D\000e\000f\000i\000n\000i\000t\000i\000o\000n}{chapter.13}% 60
\BOOKMARK [1][-]{section.13.5}{\376\377\000D\000i\000s\000t\000a\000n\000c\000e\000\040\000M\000a\000p\000s\000:\000\040\000T\000y\000p\000e\000s}{chapter.13}% 61
\BOOKMARK [1][-]{section.13.6}{\376\377\000D\000i\000s\000t\000a\000n\000c\000e\000\040\000M\000a\000p\000s\000:\000\040\000P\000r\000e\000c\000a\000u\000t\000i\000o\000n}{chapter.13}% 62
\BOOKMARK [1][-]{section.13.7}{\376\377\000W\000h\000a\000t\000\040\000d\000o\000e\000s\000\040\000t\000h\000e\000\040\000D\000i\000s\000t\000a\000n\000c\000e\000\040\000M\000a\000p\000s\000\040\000s\000h\000o\000w\000?}{chapter.13}% 63
\BOOKMARK [1][-]{section.13.8}{\376\377\000D\000i\000s\000t\000a\000n\000c\000e\000\040\000M\000a\000p}{chapter.13}% 64
\BOOKMARK [0][-]{chapter.14}{\376\377\000D\000i\000s\000t\000a\000n\000c\000e\000\040\000M\000a\000p\000\040\000o\000f\000\040\000R\000e\000a\000l\000\040\000I\000m\000a\000g\000e\000s}{}% 65
\BOOKMARK [1][-]{section.14.1}{\376\377\000T\000h\000e\000\040\000b\000o\000n\000e\000\040\000s\000l\000i\000c\000e}{chapter.14}% 66
\BOOKMARK [1][-]{section.14.2}{\376\377\000T\000h\000e\000\040\000c\000o\000r\000t\000e\000x}{chapter.14}% 67
\BOOKMARK [1][-]{section.14.3}{\376\377\000H\000o\000w\000\040\000c\000a\000n\000\040\000w\000e\000\040\000u\000t\000i\000l\000i\000z\000e\000\040\000t\000h\000i\000s\000\040\000i\000n\000f\000o\000r\000m\000a\000t\000i\000o\000n\000?}{chapter.14}% 68
\BOOKMARK [0][-]{chapter.15}{\376\377\000T\000h\000e\000\040\000t\000h\000i\000c\000k\000n\000e\000s\000s\000\040\000m\000a\000p}{}% 69
\BOOKMARK [1][-]{section.15.1}{\376\377\000A\000p\000p\000l\000i\000c\000a\000t\000i\000o\000n\000s}{chapter.15}% 70
\BOOKMARK [1][-]{section.15.2}{\376\377\000T\000h\000i\000c\000k\000n\000e\000s\000s\000\040\000m\000a\000p\000\040\000o\000n\000\040\000f\000o\000r\000e\000g\000r\000u\000n\000d\000\040\000a\000n\000d\000\040\000b\000a\000c\000k\000g\000r\000o\000u\000n\000d}{chapter.15}% 71
\BOOKMARK [0][-]{chapter.16}{\376\377\000D\000i\000s\000t\000a\000n\000c\000e\000\040\000M\000a\000p\000s\000\040\000i\000n\000\040\0003\000D}{}% 72
\BOOKMARK [1][-]{section.16.1}{\376\377\000L\000e\000t\040\031\000s\000\040\000l\000o\000a\000d\000\040\000a\000\040\0003\000D\000\040\000i\000m\000a\000g\000e}{chapter.16}% 73
\BOOKMARK [1][-]{section.16.2}{\376\377\000L\000o\000o\000k\000\040\000a\000t\000\040\000t\000h\000e\000\040\000d\000i\000s\000t\000a\000n\000c\000e\000\040\000t\000r\000a\000n\000s\000f\000o\000r\000m}{chapter.16}% 74
\BOOKMARK [0][-]{chapter.17}{\376\377\000T\000h\000i\000c\000k\000n\000e\000s\000s\000\040\000i\000n\000\040\0003\000D\000\040\000I\000m\000a\000g\000e\000s}{}% 75
\BOOKMARK [0][-]{chapter.18}{\376\377\000I\000n\000t\000e\000r\000a\000c\000t\000i\000v\000e\000\040\0003\000D\000\040\000V\000i\000e\000w\000s}{}% 76
\BOOKMARK [0][-]{chapter.19}{\376\377\000I\000n\000t\000e\000r\000f\000a\000c\000e\000s\000\040\000/\000\040\000S\000u\000r\000f\000a\000c\000e\000s}{}% 77
\BOOKMARK [0][-]{chapter.20}{\376\377\000S\000u\000r\000f\000a\000c\000e\000\040\000A\000r\000e\000a\000\040\000/\000\040\000P\000e\000r\000i\000m\000e\000t\000e\000r}{}% 78
\BOOKMARK [0][-]{chapter.21}{\376\377\000M\000e\000s\000h\000i\000n\000g\000\040\000\050\000a\000g\000a\000i\000n\000\051}{}% 79
\BOOKMARK [0][-]{chapter.22}{\376\377\000M\000a\000r\000c\000h\000i\000n\000g\000\040\000C\000u\000b\000e\000s}{}% 80
\BOOKMARK [1][-]{section.22.1}{\376\377\000W\000h\000y}{chapter.22}% 81
\BOOKMARK [1][-]{section.22.2}{\376\377\000H\000o\000w}{chapter.22}% 82
\BOOKMARK [0][-]{chapter.23}{\376\377\000C\000u\000r\000v\000a\000t\000u\000r\000e}{}% 83
\BOOKMARK [1][-]{section.23.1}{\376\377\000C\000u\000r\000v\000a\000t\000u\000r\000e\000:\000\040\000S\000u\000r\000f\000a\000c\000e\000\040\000N\000o\000r\000m\000a\000l}{chapter.23}% 84
\BOOKMARK [1][-]{section.23.2}{\376\377\000C\000u\000r\000v\000a\000t\000u\000r\000e\000:\000\040\0003\000D}{chapter.23}% 85
\BOOKMARK [1][-]{section.23.3}{\376\377\000C\000u\000r\000v\000a\000t\000u\000r\000e\000:\000\040\0003\000D\000\040\000E\000x\000a\000m\000p\000l\000e\000s}{chapter.23}% 86
\BOOKMARK [0][-]{chapter.24}{\376\377\000C\000h\000a\000r\000a\000c\000t\000e\000r\000i\000s\000t\000i\000c\000\040\000S\000h\000a\000p\000e}{}% 87
\BOOKMARK [0][-]{chapter.25}{\376\377\000C\000u\000r\000v\000a\000t\000u\000r\000e\000:\000\040\000T\000a\000k\000e\000\040\000H\000o\000m\000e\000\040\000M\000e\000s\000s\000a\000g\000e}{}% 88
\BOOKMARK [0][-]{chapter.26}{\376\377\000O\000t\000h\000e\000r\000\040\000T\000e\000c\000h\000n\000i\000q\000u\000e\000s}{}% 89
\BOOKMARK [0][-]{chapter.27}{\376\377\000O\000t\000h\000e\000r\000\040\000T\000e\000c\000h\000n\000i\000q\000u\000e\000s}{}% 90
\BOOKMARK [1][-]{section.27.1}{\376\377\000R\000e\000f\000e\000r\000e\000n\000c\000e\000s\000\040\000t\000o\000\040\000o\000t\000h\000e\000r\000\040\000t\000e\000c\000h\000n\000i\000q\000u\000e\000s}{chapter.27}% 91
\BOOKMARK [0][-]{chapter.28}{\376\377\000T\000e\000x\000t\000u\000r\000e\000\040\000A\000n\000a\000l\000y\000s\000i\000s}{}% 92
\BOOKMARK [1][-]{section.28.1}{\376\377\000S\000a\000m\000p\000l\000e\000\040\000T\000e\000x\000t\000u\000r\000e\000s}{chapter.28}% 93
\BOOKMARK [1][-]{section.28.2}{\376\377\000M\000e\000t\000h\000o\000d\000s\000\040\000t\000o\000\040\000c\000h\000a\000r\000a\000c\000t\000e\000r\000i\000z\000e\000\040\000t\000e\000x\000t\000u\000r\000e\000s\000:\000\040\000C\000o\000-\000o\000c\000c\000u\000r\000r\000e\000n\000c\000e\000\040\000m\000a\000t\000r\000i\000x}{chapter.28}% 94
\BOOKMARK [1][-]{section.28.3}{\376\377\000S\000i\000m\000p\000l\000e\000\040\000C\000o\000r\000r\000e\000l\000a\000t\000i\000o\000n}{chapter.28}% 95
\BOOKMARK [1][-]{section.28.4}{\376\377\000A\000p\000p\000l\000y\000i\000n\000g\000\040\000T\000e\000x\000t\000u\000r\000e\000\040\000t\000o\000\040\000B\000r\000a\000i\000n}{chapter.28}% 96
\BOOKMARK [0][-]{chapter.29}{\376\377\000T\000i\000l\000i\000n\000g}{}% 97
\BOOKMARK [0][-]{chapter.30}{\376\377\000C\000a\000l\000c\000u\000l\000a\000t\000i\000n\000g\000\040\000T\000e\000x\000t\000u\000r\000e}{}% 98
\BOOKMARK [0][-]{chapter.31}{\376\377\000S\000u\000m\000m\000a\000r\000y}{}% 99
\BOOKMARK [1][-]{section.31.1}{\376\377\000D\000i\000s\000t\000a\000n\000c\000e\000\040\000m\000a\000p\000s}{chapter.31}% 100
\BOOKMARK [1][-]{section.31.2}{\376\377\000V\000i\000s\000u\000a\000l\000i\000z\000i\000n\000g\000\040\0003\000D\000\040\000d\000a\000t\000a}{chapter.31}% 101
\BOOKMARK [1][-]{section.31.3}{\376\377\000S\000u\000r\000f\000a\000c\000e\000\040\000d\000e\000s\000c\000r\000i\000p\000t\000i\000o\000n}{chapter.31}% 102
\BOOKMARK [1][-]{section.31.4}{\376\377\000T\000e\000x\000t\000u\000r\000e}{chapter.31}% 103
