\BOOKMARK [0][-]{chapter.1}{\376\377\000T\000o\000d\000a\000y\000s\000\040\000l\000e\000c\000t\000u\000r\000e}{}% 1
\BOOKMARK [1][-]{section.1.1}{\376\377\000W\000e\000\040\000n\000e\000e\000d\000\040\000s\000o\000m\000e\000\040\000m\000o\000d\000u\000l\000e\000s}{chapter.1}% 2
\BOOKMARK [0][-]{chapter.2}{\376\377\000M\000e\000a\000s\000u\000r\000e\000m\000e\000n\000t\000s\000\040\000a\000r\000e\000\040\000r\000a\000r\000e\000l\000y\000\040\000p\000e\000r\000f\000e\000c\000t}{}% 3
\BOOKMARK [1][-]{section.2.1}{\376\377\000F\000a\000c\000t\000o\000r\000s\000\040\000a\000f\000f\000e\000c\000t\000i\000n\000g\000\040\000t\000h\000e\000\040\000i\000m\000a\000g\000e\000\040\000q\000u\000a\000l\000i\000t\000y}{chapter.2}% 4
\BOOKMARK [1][-]{section.2.2}{\376\377\000A\000\040\000t\000y\000p\000i\000c\000a\000l\000\040\000p\000r\000o\000c\000e\000s\000s\000i\000n\000g\000\040\000c\000h\000a\000i\000n}{chapter.2}% 5
\BOOKMARK [0][-]{chapter.3}{\376\377\000N\000o\000i\000s\000e\000\040\000a\000n\000d\000\040\000a\000r\000t\000i\000f\000a\000c\000t\000s}{}% 6
\BOOKMARK [1][-]{section.3.1}{\376\377\000N\000o\000i\000s\000e\000\040\000t\000y\000p\000e\000s}{chapter.3}% 7
\BOOKMARK [1][-]{section.3.2}{\376\377\000S\000i\000g\000n\000a\000l\000\040\000t\000o\000\040\000n\000o\000i\000s\000e\000\040\000r\000a\000t\000i\000o}{chapter.3}% 8
\BOOKMARK [1][-]{section.3.3}{\376\377\000U\000s\000e\000f\000u\000l\000\040\000p\000y\000t\000h\000o\000n\000\040\000f\000u\000n\000c\000t\000i\000o\000n\000s}{chapter.3}% 9
\BOOKMARK [0][-]{chapter.4}{\376\377\000B\000a\000s\000i\000c\000\040\000f\000i\000l\000t\000e\000r\000i\000n\000g}{}% 10
\BOOKMARK [1][-]{section.4.1}{\376\377\000W\000h\000a\000t\000\040\000i\000s\000\040\000a\000\040\000f\000i\000l\000t\000e\000r\000?}{chapter.4}% 11
\BOOKMARK [1][-]{section.4.2}{\376\377\000F\000i\000l\000t\000e\000r\000\040\000c\000h\000a\000r\000a\000c\000t\000e\000r\000i\000s\000t\000i\000c\000s}{chapter.4}% 12
\BOOKMARK [0][-]{chapter.5}{\376\377\000B\000a\000s\000i\000c\000\040\000f\000i\000l\000t\000e\000r\000s}{}% 13
\BOOKMARK [1][-]{section.5.1}{\376\377\000L\000i\000n\000e\000a\000r\000\040\000f\000i\000l\000t\000e\000r\000s}{chapter.5}% 14
\BOOKMARK [1][-]{section.5.2}{\376\377\000L\000o\000w\000-\000p\000a\000s\000s\000\040\000f\000i\000l\000t\000e\000r\000\040\000k\000e\000r\000n\000e\000l\000s}{chapter.5}% 15
\BOOKMARK [1][-]{section.5.3}{\376\377\000D\000i\000f\000f\000e\000r\000e\000n\000t\000\040\000S\000N\000R\000\040\000u\000s\000i\000n\000g\000\040\000a\000\040\000G\000a\000u\000s\000s\000\040\000f\000i\000l\000t\000e\000r}{chapter.5}% 16
\BOOKMARK [1][-]{section.5.4}{\376\377\000H\000o\000w\000\040\000i\000s\000\040\000t\000h\000e\000\040\000c\000o\000n\000v\000o\000l\000u\000t\000i\000o\000n\000\040\000c\000o\000m\000p\000u\000t\000e\000d}{chapter.5}% 17
\BOOKMARK [1][-]{section.5.5}{\376\377\000E\000u\000c\000l\000i\000d\000e\000a\000n\000\040\000s\000e\000p\000a\000r\000a\000b\000i\000l\000i\000t\000y}{chapter.5}% 18
\BOOKMARK [1][-]{section.5.6}{\376\377\000T\000h\000e\000\040\000m\000e\000d\000i\000a\000n\000\040\000f\000i\000l\000t\000e\000r}{chapter.5}% 19
\BOOKMARK [1][-]{section.5.7}{\376\377\000C\000o\000m\000p\000a\000r\000i\000n\000g\000\040\000f\000i\000l\000t\000e\000r\000s\000\040\000f\000o\000r\000\040\000d\000i\000f\000f\000e\000r\000e\000n\000t\000\040\000n\000o\000i\000s\000e\000\040\000t\000y\000p\000e\000s}{chapter.5}% 20
\BOOKMARK [1][-]{section.5.8}{\376\377\000F\000i\000l\000t\000e\000r\000\040\000e\000x\000a\000m\000p\000l\000e\000:\000\040\000S\000p\000o\000t\000\040\000c\000l\000e\000a\000n\000i\000n\000g}{chapter.5}% 21
\BOOKMARK [1][-]{section.5.9}{\376\377\000S\000p\000o\000t\000\040\000c\000l\000e\000a\000n\000i\000n\000g\000\040\000a\000l\000g\000o\000r\000i\000t\000h\000m}{chapter.5}% 22
\BOOKMARK [1][-]{section.5.10}{\376\377\000S\000p\000o\000t\000\040\000c\000l\000e\000a\000n\000i\000n\000g\000\040\000-\000\040\000C\000o\000m\000p\000a\000r\000e\000\040\000p\000e\000r\000f\000o\000r\000m\000a\000n\000c\000e}{chapter.5}% 23
\BOOKMARK [1][-]{section.5.11}{\376\377\000H\000i\000g\000h\000-\000p\000a\000s\000s\000\040\000f\000i\000l\000t\000e\000r\000s}{chapter.5}% 24
\BOOKMARK [1][-]{section.5.12}{\376\377\000G\000r\000a\000d\000i\000e\000n\000t\000\040\000e\000x\000a\000m\000p\000l\000e}{chapter.5}% 25
\BOOKMARK [1][-]{section.5.13}{\376\377\000E\000d\000g\000e\000\040\000d\000e\000t\000e\000c\000t\000i\000o\000n\000\040\000e\000x\000a\000m\000p\000l\000e\000s}{chapter.5}% 26
\BOOKMARK [1][-]{section.5.14}{\376\377\000R\000e\000l\000e\000v\000a\000n\000c\000e\000\040\000o\000f\000\040\000f\000i\000l\000t\000e\000r\000s\000\040\000t\000o\000\040\000m\000a\000c\000h\000i\000n\000e\000\040\000l\000e\000a\000r\000n\000i\000n\000g}{chapter.5}% 27
\BOOKMARK [0][-]{chapter.6}{\376\377\000F\000r\000e\000q\000u\000e\000n\000c\000y\000\040\000s\000p\000a\000c\000e\000\040\000f\000i\000l\000t\000e\000r\000s}{}% 28
\BOOKMARK [1][-]{section.6.1}{\376\377\000A\000p\000p\000l\000i\000c\000a\000t\000i\000o\000n\000s\000\040\000o\000f\000\040\000t\000h\000e\000\040\000F\000o\000u\000r\000i\000e\000r\000\040\000t\000r\000a\000n\000s\000f\000o\000r\000m}{chapter.6}% 29
\BOOKMARK [1][-]{section.6.2}{\376\377\000T\000h\000e\000\040\000F\000o\000u\000r\000i\000e\000r\000\040\000t\000r\000a\000n\000s\000f\000o\000r\000m}{chapter.6}% 30
\BOOKMARK [1][-]{section.6.3}{\376\377\000S\000o\000m\000e\000\040\000m\000a\000t\000h\000e\000m\000a\000t\000i\000c\000a\000l\000\040\000f\000e\000a\000t\000u\000r\000e\000s\000\040\000o\000f\000\040\000t\000h\000e\000\040\000F\000T}{chapter.6}% 31
\BOOKMARK [1][-]{section.6.4}{\376\377\000A\000d\000d\000i\000t\000i\000v\000e\000\040\000n\000o\000i\000s\000e\000\040\000i\000n\000\040\000F\000o\000u\000r\000i\000e\000r\000\040\000s\000p\000a\000c\000e}{chapter.6}% 32
\BOOKMARK [1][-]{section.6.5}{\376\377\000S\000p\000a\000t\000i\000a\000l\000\040\000f\000r\000e\000q\000u\000e\000n\000c\000i\000e\000s\000\040\000a\000n\000d\000\040\000o\000r\000i\000e\000n\000t\000a\000t\000i\000o\000n}{chapter.6}% 33
\BOOKMARK [1][-]{section.6.6}{\376\377\000E\000x\000a\000m\000p\000l\000e\000\040\000-\000\040\000S\000t\000r\000i\000p\000e\000\040\000r\000e\000m\000o\000v\000a\000l\000\040\000i\000n\000\040\000F\000o\000u\000r\000i\000e\000r\000\040\000s\000p\000a\000c\000e}{chapter.6}% 34
\BOOKMARK [1][-]{section.6.7}{\376\377\000T\000h\000e\000\040\000e\000f\000f\000e\000c\000t\000\040\000o\000f\000\040\000t\000h\000e\000\040\000s\000t\000r\000i\000p\000e\000\040\000f\000i\000l\000t\000e\000r}{chapter.6}% 35
\BOOKMARK [1][-]{section.6.8}{\376\377\000T\000e\000c\000h\000n\000i\000c\000a\000l\000\040\000d\000e\000t\000a\000i\000l\000s\000\040\000o\000n\000\040\000F\000o\000u\000r\000i\000e\000r\000\040\000s\000p\000a\000c\000e\000\040\000f\000i\000l\000t\000e\000r\000s}{chapter.6}% 36
\BOOKMARK [1][-]{section.6.9}{\376\377\000P\000y\000t\000h\000o\000n\000\040\000f\000u\000n\000c\000t\000i\000o\000n\000s}{chapter.6}% 37
\BOOKMARK [0][-]{chapter.7}{\376\377\000S\000c\000a\000l\000e\000\040\000s\000p\000a\000c\000e\000s}{}% 38
\BOOKMARK [1][-]{section.7.1}{\376\377\000W\000h\000y\000\040\000s\000c\000a\000l\000e\000\040\000s\000p\000a\000c\000e\000s\000?}{chapter.7}% 39
\BOOKMARK [1][-]{section.7.2}{\376\377\000W\000a\000v\000e\000l\000e\000t\000s\000\040\000-\000\040\000t\000h\000e\000\040\000b\000a\000s\000i\000c\000\040\000i\000d\000e\000a}{chapter.7}% 40
\BOOKMARK [1][-]{section.7.3}{\376\377\000W\000a\000v\000e\000l\000e\000t\000\040\000t\000r\000a\000n\000s\000f\000o\000r\000m\000\040\000o\000f\000\040\000a\000\040\0001\000D\000\040\000s\000i\000g\000n\000a\000l}{chapter.7}% 41
\BOOKMARK [1][-]{section.7.4}{\376\377\000W\000a\000v\000e\000l\000e\000t\000\040\000t\000r\000a\000n\000s\000f\000o\000r\000m\000\040\000o\000f\000\040\000a\000n\000\040\000i\000m\000a\000g\000e}{chapter.7}% 42
\BOOKMARK [1][-]{section.7.5}{\376\377\000W\000a\000v\000e\000l\000e\000t\000\040\000t\000r\000a\000n\000s\000f\000o\000r\000m\000\040\000o\000f\000\040\000a\000n\000\040\000i\000m\000a\000g\000e\000\040\000-\000\040\000e\000x\000a\000m\000p\000l\000e}{chapter.7}% 43
\BOOKMARK [1][-]{section.7.6}{\376\377\000U\000s\000i\000n\000g\000\040\000w\000a\000v\000e\000l\000e\000t\000s\000\040\000f\000o\000r\000\040\000n\000o\000i\000s\000e\000\040\000r\000e\000d\000u\000c\000t\000i\000o\000n}{chapter.7}% 44
\BOOKMARK [1][-]{section.7.7}{\376\377\000W\000a\000v\000e\000l\000e\000t\000\040\000n\000o\000i\000s\000e\000\040\000r\000e\000d\000u\000c\000t\000i\000o\000n\000\040\000-\000\040\000I\000m\000a\000g\000e\000\040\000e\000x\000a\000m\000p\000l\000e}{chapter.7}% 45
\BOOKMARK [1][-]{section.7.8}{\376\377\000P\000y\000t\000h\000o\000n\000\040\000f\000u\000n\000c\000t\000i\000o\000n\000s\000\040\000f\000o\000r\000\040\000w\000a\000v\000e\000l\000e\000t\000s}{chapter.7}% 46
\BOOKMARK [0][-]{chapter.8}{\376\377\000P\000a\000r\000a\000m\000e\000t\000e\000r\000i\000z\000e\000d\000\040\000s\000c\000a\000l\000e\000\040\000s\000p\000a\000c\000e\000s}{}% 47
\BOOKMARK [1][-]{section.8.1}{\376\377\000P\000D\000E\000\040\000b\000a\000s\000e\000d\000\040\000s\000c\000a\000l\000e\000\040\000s\000p\000a\000c\000e\000\040\000f\000i\000l\000t\000e\000r\000s}{chapter.8}% 48
\BOOKMARK [1][-]{section.8.2}{\376\377\000T\000h\000e\000\040\000s\000t\000a\000r\000t\000i\000n\000g\000\040\000p\000o\000i\000n\000t}{chapter.8}% 49
\BOOKMARK [1][-]{section.8.3}{\376\377\000C\000o\000n\000t\000r\000o\000l\000l\000i\000n\000g\000\040\000t\000h\000e\000\040\000d\000i\000f\000f\000u\000s\000i\000v\000i\000t\000y}{chapter.8}% 50
\BOOKMARK [1][-]{section.8.4}{\376\377\000G\000r\000a\000d\000i\000e\000n\000t\000\040\000c\000o\000n\000t\000r\000o\000l\000l\000e\000d\000\040\000d\000i\000f\000f\000u\000s\000i\000v\000i\000t\000y}{chapter.8}% 51
\BOOKMARK [1][-]{section.8.5}{\376\377\000T\000h\000e\000\040\000n\000o\000n\000-\000l\000i\000n\000e\000a\000r\000\040\000d\000i\000f\000f\000u\000s\000i\000o\000n\000\040\000f\000i\000l\000t\000e\000r}{chapter.8}% 52
\BOOKMARK [1][-]{section.8.6}{\376\377\000D\000i\000f\000f\000u\000s\000i\000o\000n\000\040\000f\000i\000l\000t\000e\000r\000\040\000e\000x\000a\000m\000p\000l\000e}{chapter.8}% 53
\BOOKMARK [1][-]{section.8.7}{\376\377\000F\000i\000l\000t\000e\000r\000i\000n\000g\000\040\000a\000s\000\040\000a\000\040\000r\000e\000g\000u\000l\000a\000r\000i\000z\000a\000t\000i\000o\000n\000\040\000p\000r\000o\000b\000l\000e\000m}{chapter.8}% 54
\BOOKMARK [1][-]{section.8.8}{\376\377\000T\000h\000e\000\040\000i\000n\000v\000e\000r\000s\000e\000\040\000s\000c\000a\000l\000e\000\040\000s\000p\000a\000c\000e\000\040\000f\000i\000l\000t\000e\000r}{chapter.8}% 55
\BOOKMARK [1][-]{section.8.9}{\376\377\000T\000h\000e\000\040\000R\000O\000F\000\040\000f\000i\000l\000t\000e\000r\000\040\000e\000q\000u\000a\000t\000i\000o\000n}{chapter.8}% 56
\BOOKMARK [1][-]{section.8.10}{\376\377\000F\000i\000l\000t\000e\000r\000\040\000i\000t\000e\000r\000a\000t\000i\000o\000n\000s}{chapter.8}% 57
\BOOKMARK [1][-]{section.8.11}{\376\377\000H\000o\000w\000\040\000t\000o\000\040\000c\000h\000o\000o\000s\000e\000\040\000\040\000a\000n\000d\000\040}{chapter.8}% 58
\BOOKMARK [1][-]{section.8.12}{\376\377\000S\000o\000l\000u\000t\000i\000o\000n\000s\000\040\000a\000t\000\040\000d\000i\000f\000f\000e\000r\000e\000n\000t\000\040\000t\000i\000m\000e\000s}{chapter.8}% 59
\BOOKMARK [1][-]{section.8.13}{\376\377\000S\000o\000l\000u\000t\000i\000o\000n\000\040\000t\000i\000m\000e}{chapter.8}% 60
\BOOKMARK [1][-]{section.8.14}{\376\377\000T\000h\000e\000\040\000c\000h\000o\000i\000c\000e\000\040\000o\000f\000\040\000i\000n\000i\000t\000i\000a\000l\000\040\000i\000m\000a\000g\000e}{chapter.8}% 61
\BOOKMARK [0][-]{chapter.9}{\376\377\000N\000o\000n\000-\000l\000o\000c\000a\000l\000\040\000m\000e\000a\000n\000s}{}% 62
\BOOKMARK [1][-]{section.9.1}{\376\377\000N\000o\000n\000-\000l\000o\000c\000a\000l\000\040\000s\000m\000o\000o\000t\000h\000i\000n\000g}{chapter.9}% 63
\BOOKMARK [1][-]{section.9.2}{\376\377\000F\000i\000l\000t\000e\000r\000\040\000d\000e\000f\000i\000n\000i\000t\000i\000o\000n}{chapter.9}% 64
\BOOKMARK [1][-]{section.9.3}{\376\377\000N\000o\000n\000-\000l\000o\000c\000a\000l\000\040\000m\000e\000a\000n\000s\000\040\0002\000D\000\040\000-\000\040\000E\000x\000a\000m\000p\000l\000e}{chapter.9}% 65
\BOOKMARK [1][-]{section.9.4}{\376\377\000P\000e\000r\000f\000o\000r\000m\000a\000n\000c\000e\000\040\000c\000o\000m\000p\000l\000i\000c\000a\000t\000i\000o\000n\000s}{chapter.9}% 66
\BOOKMARK [0][-]{chapter.10}{\376\377\000V\000e\000r\000i\000f\000i\000c\000a\000t\000i\000o\000n}{}% 67
\BOOKMARK [1][-]{section.10.1}{\376\377\000H\000o\000w\000\040\000g\000o\000o\000d\000\040\000i\000s\000\040\000m\000y\000\040\000f\000i\000l\000t\000e\000r\000?}{chapter.10}% 68
\BOOKMARK [1][-]{section.10.2}{\376\377\000V\000e\000r\000i\000f\000y\000\040\000t\000h\000e\000\040\000c\000o\000r\000r\000e\000c\000t\000n\000e\000s\000s\000\040\000o\000f\000\040\000t\000h\000e\000\040\000m\000e\000t\000h\000o\000d}{chapter.10}% 69
\BOOKMARK [1][-]{section.10.3}{\376\377\000V\000e\000r\000i\000f\000i\000c\000a\000t\000i\000o\000n\000\040\000u\000s\000i\000n\000g\000\040\000d\000i\000f\000f\000e\000r\000e\000n\000c\000e\000\040\000i\000m\000a\000g\000e\000s}{chapter.10}% 70
\BOOKMARK [1][-]{section.10.4}{\376\377\000P\000e\000r\000f\000o\000r\000m\000a\000n\000c\000e\000\040\000t\000e\000s\000t\000i\000n\000g\000\040\000-\000\040\000T\000h\000e\000\040\000s\000m\000o\000k\000e\000\040\000t\000e\000s\000t}{chapter.10}% 71
\BOOKMARK [1][-]{section.10.5}{\376\377\000D\000a\000t\000a\000\040\000f\000o\000r\000\040\000e\000v\000a\000l\000u\000a\000t\000i\000o\000n\000\040\000-\000\040\000P\000h\000a\000n\000t\000o\000m\000\040\000d\000a\000t\000a}{chapter.10}% 72
\BOOKMARK [1][-]{section.10.6}{\376\377\000D\000a\000t\000a\000\040\000f\000o\000r\000\040\000e\000v\000a\000l\000u\000a\000t\000i\000o\000n\000\040\000-\000\040\000L\000a\000b\000e\000l\000l\000e\000d\000\040\000d\000a\000t\000a}{chapter.10}% 73
\BOOKMARK [1][-]{section.10.7}{\376\377\000E\000v\000a\000l\000u\000a\000t\000i\000o\000n\000\040\000m\000e\000t\000r\000i\000c\000s\000\040\000f\000o\000r\000\040\000i\000m\000a\000g\000e\000s}{chapter.10}% 74
\BOOKMARK [1][-]{section.10.8}{\376\377\000T\000e\000s\000t\000\040\000r\000u\000n\000\040\000e\000x\000a\000m\000p\000l\000e}{chapter.10}% 75
\BOOKMARK [0][-]{chapter.11}{\376\377\000O\000v\000e\000r\000v\000i\000e\000w}{}% 76
\BOOKMARK [1][-]{section.11.1}{\376\377\000M\000a\000n\000y\000\040\000f\000i\000l\000t\000e\000r\000s}{chapter.11}% 77
\BOOKMARK [1][-]{section.11.2}{\376\377\000D\000e\000t\000a\000i\000l\000s\000\040\000o\000f\000\040\000f\000i\000l\000t\000e\000r\000\040\000p\000e\000r\000f\000o\000r\000m\000a\000n\000c\000e}{chapter.11}% 78
\BOOKMARK [1][-]{section.11.3}{\376\377\000T\000a\000k\000e\000-\000h\000o\000m\000e\000\040\000m\000e\000s\000s\000a\000g\000e}{chapter.11}% 79
