\BOOKMARK [0][-]{chapter.1}{\376\377\000T\000o\000d\000a\000y\040\031\000s\000\040\000l\000e\000c\000t\000u\000r\000e}{}% 1
\BOOKMARK [0][-]{chapter.2}{\376\377\000A\000p\000p\000l\000i\000c\000a\000t\000i\000o\000n\000s}{}% 2
\BOOKMARK [0][-]{chapter.3}{\376\377\000L\000i\000t\000e\000r\000a\000t\000u\000r\000e\000\040\000/\000\040\000U\000s\000e\000f\000u\000l\000\040\000R\000e\000f\000e\000r\000e\000n\000c\000e\000s}{}% 3
\BOOKMARK [1][-]{section.3.1}{\376\377\000M\000o\000d\000e\000l\000s\000\040\000/\000\040\000R\000O\000C\000\040\000C\000u\000r\000v\000e\000s}{chapter.3}% 4
\BOOKMARK [0][-]{chapter.4}{\376\377\000M\000o\000t\000i\000v\000a\000t\000i\000o\000n\000:\000\040\000W\000h\000y\000\040\000d\000o\000\040\000w\000e\000\040\000d\000o\000\040\000i\000m\000a\000g\000i\000n\000g\000\040\000e\000x\000p\000e\000r\000i\000m\000e\000n\000t\000s\000?}{}% 5
\BOOKMARK [1][-]{section.4.1}{\376\377\000E\000x\000p\000l\000o\000r\000a\000t\000o\000r\000y}{chapter.4}% 6
\BOOKMARK [1][-]{section.4.2}{\376\377\000T\000o\000\040\000t\000e\000s\000t\000\040\000a\000\040\000h\000y\000p\000o\000t\000h\000e\000s\000i\000s}{chapter.4}% 7
\BOOKMARK [1][-]{section.4.3}{\376\377\000W\000h\000a\000t\000\040\000w\000e\000\040\000a\000r\000e\000\040\000l\000o\000o\000k\000i\000n\000g\000\040\000a\000t\000?}{chapter.4}% 8
\BOOKMARK [1][-]{section.4.4}{\376\377\000T\000o\000\040\000t\000e\000s\000t\000\040\000a\000\040\000h\000y\000p\000o\000t\000h\000e\000s\000i\000s}{chapter.4}% 9
\BOOKMARK [1][-]{section.4.5}{\376\377\000W\000h\000a\000t\000\040\000d\000i\000d\000\040\000w\000e\000\040\000w\000a\000n\000t\000\040\000i\000n\000\040\000t\000h\000e\000\040\000f\000i\000r\000s\000t\000\040\000p\000l\000a\000c\000e\000?}{chapter.4}% 10
\BOOKMARK [1][-]{section.4.6}{\376\377\000W\000h\000y\000\040\000d\000o\000\040\000w\000e\000\040\000p\000e\000r\000f\000o\000r\000m\000\040\000s\000e\000g\000m\000e\000n\000t\000a\000t\000i\000o\000n\000?}{chapter.4}% 11
\BOOKMARK [1][-]{section.4.7}{\376\377\000R\000e\000v\000i\000e\000w\000:\000\040\000F\000i\000l\000t\000e\000r\000i\000n\000g\000\040\000a\000n\000d\000\040\000I\000m\000a\000g\000e\000\040\000E\000n\000h\000a\000n\000c\000e\000m\000e\000n\000t}{chapter.4}% 12
\BOOKMARK [1][-]{section.4.8}{\376\377\000W\000h\000a\000t\000\040\000w\000e\000\040\000g\000e\000t\000\040\000f\000r\000o\000m\000\040\000t\000h\000e\000\040\000i\000m\000a\000g\000i\000n\000g\000\040\000m\000o\000d\000a\000l\000i\000t\000y}{chapter.4}% 13
\BOOKMARK [0][-]{chapter.5}{\376\377\000Q\000u\000a\000l\000i\000t\000a\000t\000i\000v\000e\000\040\000M\000e\000t\000r\000i\000c\000s\000:\000\040\000W\000h\000a\000t\000\040\000d\000i\000d\000\040\000p\000e\000o\000p\000l\000e\000\040\000u\000s\000e\000\040\000t\000o\000\040\000d\000o\000?}{}% 14
\BOOKMARK [1][-]{section.5.1}{\376\377\000I\000d\000e\000n\000t\000i\000f\000y\000\040\000o\000b\000j\000e\000c\000t\000s\000\040\000b\000y\000\040\000e\000y\000e}{chapter.5}% 15
\BOOKMARK [1][-]{section.5.2}{\376\377\000M\000o\000r\000p\000h\000o\000m\000e\000t\000r\000i\000c\000s}{chapter.5}% 16
\BOOKMARK [0][-]{chapter.6}{\376\377\000S\000e\000g\000m\000e\000n\000t\000a\000t\000i\000o\000n\000\040\000A\000p\000p\000r\000o\000a\000c\000h\000e\000s}{}% 17
\BOOKMARK [1][-]{section.6.1}{\376\377\000H\000o\000w\000\040\000t\000o\000\040\000a\000p\000p\000r\000o\000a\000c\000h\000\040\000t\000h\000e\000\040\000s\000e\000g\000m\000e\000n\000t\000a\000t\000i\000o\000n\000\040\000t\000a\000s\000k}{chapter.6}% 18
\BOOKMARK [1][-]{section.6.2}{\376\377\000M\000o\000d\000e\000l\000-\000b\000a\000s\000e\000d\000\040\000A\000n\000a\000l\000y\000s\000i\000s}{chapter.6}% 19
\BOOKMARK [0][-]{chapter.7}{\376\377\000E\000x\000a\000m\000p\000l\000e\000\040\000M\000a\000m\000m\000o\000g\000r\000a\000p\000h\000y}{}% 20
\BOOKMARK [1][-]{section.7.1}{\376\377\000P\000r\000o\000b\000l\000e\000m\000s\000\040\000t\000o\000\040\000i\000n\000t\000e\000r\000p\000r\000e\000t\000\040\000r\000a\000d\000i\000o\000g\000r\000a\000p\000h\000y\000\040\000i\000m\000a\000g\000e\000s}{chapter.7}% 21
\BOOKMARK [1][-]{section.7.2}{\376\377\000B\000u\000i\000l\000d\000i\000n\000g\000\040\000a\000\040\000b\000r\000e\000a\000s\000t\000\040\000p\000h\000a\000n\000t\000o\000m}{chapter.7}% 22
\BOOKMARK [1][-]{section.7.3}{\376\377\000W\000h\000a\000t\000\040\000i\000f\000\040\000\040\000i\000s\000\040\000n\000o\000t\000\040\000c\000o\000n\000s\000t\000a\000n\000t\000?}{chapter.7}% 23
\BOOKMARK [0][-]{chapter.8}{\376\377\000S\000e\000g\000m\000e\000n\000t\000a\000t\000i\000o\000n}{}% 24
\BOOKMARK [1][-]{section.8.1}{\376\377\000W\000h\000e\000r\000e\000\040\000d\000o\000e\000s\000\040\000s\000e\000g\000m\000e\000n\000t\000a\000t\000i\000o\000n\000\040\000g\000e\000t\000\040\000u\000s\000?}{chapter.8}% 25
\BOOKMARK [1][-]{section.8.2}{\376\377\000B\000a\000s\000i\000c\000\040\000s\000e\000g\000m\000e\000n\000t\000a\000t\000i\000o\000n\000:\000\040\000A\000p\000p\000l\000y\000i\000n\000g\000\040\000a\000\040\000t\000h\000r\000e\000s\000h\000o\000l\000d\000\040\000t\000o\000\040\000a\000n\000\040\000i\000m\000a\000g\000e}{chapter.8}% 26
\BOOKMARK [1][-]{section.8.3}{\376\377\000T\000h\000e\000\040\000h\000i\000s\000t\000o\000g\000r\000a\000m}{chapter.8}% 27
\BOOKMARK [1][-]{section.8.4}{\376\377\000A\000p\000p\000l\000y\000i\000n\000g\000\040\000a\000\040\000t\000h\000r\000e\000s\000h\000o\000l\000d\000\040\000t\000o\000\040\000a\000n\000\040\000i\000m\000a\000g\000e}{chapter.8}% 28
\BOOKMARK [0][-]{chapter.9}{\376\377\000S\000e\000g\000m\000e\000n\000t\000i\000n\000g\000\040\000C\000e\000l\000l\000s}{}% 29
\BOOKMARK [1][-]{section.9.1}{\376\377\000T\000r\000y\000i\000n\000g\000\040\000d\000i\000f\000f\000e\000r\000e\000n\000t\000\040\000t\000h\000r\000e\000s\000h\000o\000l\000d\000s\000\040\000o\000n\000\040\000t\000h\000e\000\040\000c\000e\000l\000l\000\040\000i\000m\000a\000g\000e}{chapter.9}% 30
\BOOKMARK [0][-]{chapter.10}{\376\377\000O\000t\000h\000e\000r\000\040\000i\000m\000a\000g\000e\000\040\000t\000y\000p\000e\000s}{}% 31
\BOOKMARK [1][-]{section.10.1}{\376\377\000L\000o\000o\000k\000i\000n\000g\000\040\000a\000t\000\040\000c\000o\000l\000o\000c\000a\000t\000i\000o\000n\000\040\000h\000i\000s\000t\000o\000g\000r\000a\000m\000s}{chapter.10}% 32
\BOOKMARK [1][-]{section.10.2}{\376\377\000V\000e\000c\000t\000o\000r\000\040\000f\000i\000e\000l\000d\000\040\000p\000l\000o\000t}{chapter.10}% 33
\BOOKMARK [1][-]{section.10.3}{\376\377\000A\000p\000p\000l\000y\000i\000n\000g\000\040\000a\000\040\000t\000h\000r\000e\000s\000h\000o\000l\000d\000\040\000t\000o\000\040\000v\000e\000c\000t\000o\000r\000\040\000v\000a\000l\000u\000e\000d\000\040\000i\000m\000a\000g\000e}{chapter.10}% 34
