\BOOKMARK [0][-]{chapter.1}{\376\377\000A\000d\000v\000a\000n\000c\000e\000d\000\040\000s\000e\000g\000m\000e\000n\000t\000a\000t\000i\000o\000n}{}% 1
\BOOKMARK [0][-]{chapter.2}{\376\377\000A\000d\000v\000a\000n\000c\000e\000d\000\040\000s\000e\000g\000m\000e\000n\000t\000a\000t\000i\000o\000n}{}% 2
\BOOKMARK [1][-]{section.2.1}{\376\377\000L\000i\000t\000e\000r\000a\000t\000u\000r\000e\000\040\000/\000\040\000U\000s\000e\000f\000u\000l\000\040\000R\000e\000f\000e\000r\000e\000n\000c\000e\000s}{chapter.2}% 3
\BOOKMARK [1][-]{section.2.2}{\376\377\000T\000o\000d\000a\000y\040\031\000s\000\040\000O\000u\000t\000l\000i\000n\000e}{chapter.2}% 4
\BOOKMARK [1][-]{section.2.3}{\376\377\000L\000o\000a\000d\000\040\000s\000o\000m\000e\000\040\000n\000e\000e\000d\000e\000d\000\040\000m\000o\000d\000u\000l\000e\000s}{chapter.2}% 5
\BOOKMARK [1][-]{section.2.4}{\376\377\000P\000r\000e\000v\000i\000o\000u\000s\000l\000y\000\040\000o\000n\000\040\000Q\000B\000I}{chapter.2}% 6
\BOOKMARK [1][-]{section.2.5}{\376\377\000D\000i\000f\000f\000e\000r\000e\000n\000t\000\040\000t\000y\000p\000e\000s\000\040\000o\000f\000\040\000s\000e\000g\000m\000e\000n\000t\000a\000t\000i\000o\000n}{chapter.2}% 7
\BOOKMARK [0][-]{chapter.3}{\376\377\000W\000h\000e\000r\000e\000\040\000s\000e\000g\000m\000e\000n\000t\000a\000t\000i\000o\000n\000\040\000f\000a\000i\000l\000s}{}% 8
\BOOKMARK [1][-]{section.3.1}{\376\377\000T\000y\000p\000i\000c\000a\000l\000\040\000i\000m\000a\000g\000e\000\040\000f\000e\000a\000t\000u\000r\000e\000s\000\040\000t\000h\000a\000t\000\040\000m\000a\000k\000e\000s\000\040\000l\000i\000f\000e\000\040\000h\000a\000r\000d\000e\000r}{chapter.3}% 9
\BOOKMARK [1][-]{section.3.2}{\376\377\000I\000n\000c\000o\000n\000s\000i\000t\000e\000n\000t\000\040\000i\000l\000l\000u\000m\000i\000n\000a\000t\000i\000o\000n\000\040\000o\000n\000\040\000r\000e\000a\000l\000\040\000d\000a\000t\000a}{chapter.3}% 10
\BOOKMARK [1][-]{section.3.3}{\376\377\000A\000p\000p\000l\000y\000\040\000a\000\040\000t\000r\000e\000s\000h\000o\000l\000d}{chapter.3}% 11
\BOOKMARK [1][-]{section.3.4}{\376\377\000W\000h\000e\000r\000e\000\040\000s\000e\000g\000m\000e\000n\000t\000a\000t\000i\000o\000n\000\040\000f\000a\000i\000l\000s\000:\000\040\000C\000a\000n\000a\000l\000i\000c\000u\000l\000i}{chapter.3}% 12
\BOOKMARK [1][-]{section.3.5}{\376\377\000W\000h\000e\000r\000e\000\040\000s\000e\000g\000m\000e\000n\000t\000a\000t\000i\000o\000n\000\040\000f\000a\000i\000l\000s\000:\000\040\000B\000r\000a\000i\000n\000\040\000C\000o\000r\000t\000e\000x}{chapter.3}% 13
\BOOKMARK [0][-]{chapter.4}{\376\377\000A\000p\000p\000l\000y\000\040\000t\000h\000r\000e\000s\000h\000o\000l\000d\000s}{}% 14
\BOOKMARK [1][-]{section.4.1}{\376\377\000A\000u\000t\000o\000m\000a\000t\000e\000d\000\040\000T\000h\000r\000e\000s\000h\000o\000l\000d\000\040\000S\000e\000l\000e\000c\000t\000i\000o\000n}{chapter.4}% 15
\BOOKMARK [1][-]{section.4.2}{\376\377\000A\000u\000t\000o\000m\000a\000t\000e\000d\000\040\000M\000e\000t\000h\000o\000d\000s}{chapter.4}% 16
\BOOKMARK [1][-]{section.4.3}{\376\377\000H\000i\000s\000t\000o\000g\000r\000a\000m\000-\000b\000a\000s\000e\000d\000\040\000M\000e\000t\000h\000o\000d\000s}{chapter.4}% 17
\BOOKMARK [1][-]{section.4.4}{\376\377\000H\000i\000s\000t\000o\000g\000r\000a\000m\000-\000M\000e\000t\000h\000o\000d\000s}{chapter.4}% 18
\BOOKMARK [1][-]{section.4.5}{\376\377\000T\000r\000y\000\040\000A\000l\000l\000\040\000T\000h\000r\000e\000s\000h\000o\000l\000d\000s}{chapter.4}% 19
\BOOKMARK [1][-]{section.4.6}{\376\377\000P\000i\000t\000f\000a\000l\000l\000s\000\040\000o\000f\000\040\000d\000i\000f\000f\000e\000r\000e\000n\000t\000\040\000t\000h\000r\000e\000s\000h\000o\000l\000d\000i\000n\000g\000\040\000m\000e\000t\000h\000o\000d\000s}{chapter.4}% 20
\BOOKMARK [1][-]{section.4.7}{\376\377\000R\000e\000a\000l\000i\000s\000t\000i\000c\000\040\000A\000p\000p\000r\000o\000a\000c\000h\000e\000s\000\040\000f\000o\000r\000\040\000D\000e\000a\000l\000i\000n\000g\000\040\000w\000i\000t\000h\000\040\000t\000h\000e\000s\000e\000\040\000S\000h\000o\000r\000t\000c\000o\000m\000i\000n\000g\000s}{chapter.4}% 21
\BOOKMARK [0][-]{chapter.5}{\376\377\000H\000y\000s\000t\000e\000r\000e\000s\000i\000s\000\040\000T\000h\000r\000e\000s\000h\000o\000l\000d\000i\000n\000g}{}% 22
\BOOKMARK [1][-]{section.5.1}{\376\377\000G\000o\000l\000d\000i\000l\000o\000c\000k\000s\000\040\000S\000i\000t\000u\000a\000t\000i\000o\000n}{chapter.5}% 23
\BOOKMARK [0][-]{chapter.6}{\376\377\000M\000o\000r\000e\000\040\000C\000o\000m\000p\000l\000i\000c\000a\000t\000e\000d\000\040\000I\000m\000a\000g\000e\000s}{}% 24
\BOOKMARK [1][-]{section.6.1}{\376\377\000F\000e\000a\000t\000u\000r\000e\000\040\000V\000e\000c\000t\000o\000r\000s}{chapter.6}% 25
\BOOKMARK [1][-]{section.6.2}{\376\377\000L\000e\000t\040\031\000s\000\040\000c\000r\000e\000a\000t\000e\000\040\000a\000\040\000f\000e\000a\000t\000u\000r\000e\000\040\000t\000a\000b\000l\000e}{chapter.6}% 26
\BOOKMARK [1][-]{section.6.3}{\376\377\000I\000n\000s\000p\000e\000c\000t\000\040\000t\000h\000e\000\040\000f\000e\000a\000t\000u\000r\000e\000s\000\040\000-\000\040\000I\000n\000t\000e\000n\000s\000i\000t\000y\000\040\000v\000s\000.\000\040\000I\000s\000T\000e\000x\000t}{chapter.6}% 27
\BOOKMARK [1][-]{section.6.4}{\376\377\000W\000h\000a\000t\000\040\000d\000o\000e\000s\000\040\000t\000h\000e\000\040\000R\000O\000C\000\040\000c\000u\000r\000v\000e\000\040\000l\000o\000o\000k\000\040\000l\000i\000k\000e\000?}{chapter.6}% 28
\BOOKMARK [0][-]{chapter.7}{\376\377\000A\000d\000d\000i\000n\000g\000\040\000I\000n\000f\000o\000r\000m\000a\000t\000i\000o\000n}{}% 29
\BOOKMARK [1][-]{section.7.1}{\376\377\000H\000i\000s\000t\000o\000g\000r\000a\000m\000\040\000o\000f\000\040\000e\000n\000h\000a\000n\000c\000e\000d\000\040\000i\000m\000a\000g\000e}{chapter.7}% 30
\BOOKMARK [1][-]{section.7.2}{\376\377\000C\000h\000e\000c\000k\000i\000n\000g\000\040\000t\000h\000e\000\040\000R\000O\000C\000\040\000p\000e\000r\000f\000o\000r\000m\000a\000n\000c\000e}{chapter.7}% 31
\BOOKMARK [1][-]{section.7.3}{\376\377\000W\000h\000y\000\040\000d\000o\000e\000s\000\040\000t\000h\000e\000\040\000s\000e\000c\000o\000n\000d\000\040\000f\000i\000l\000t\000e\000r\000\040\000p\000e\000r\000f\000o\000r\000m\000\040\000b\000e\000t\000t\000e\000r\000?}{chapter.7}% 32
\BOOKMARK [0][-]{chapter.8}{\376\377\000C\000l\000u\000s\000t\000e\000r\000i\000n\000g\000\040\000/\000\040\000C\000l\000a\000s\000s\000i\000f\000i\000c\000a\000t\000i\000o\000n\000\040\000\050\000U\000n\000s\000u\000p\000e\000r\000v\000i\000s\000e\000d\000\051}{}% 33
\BOOKMARK [1][-]{section.8.1}{\376\377\000E\000x\000a\000m\000p\000l\000e\000\040\000d\000a\000t\000a}{chapter.8}% 34
\BOOKMARK [1][-]{section.8.2}{\376\377\000K\000-\000M\000e\000a\000n\000s\000\040\000A\000l\000g\000o\000r\000i\000t\000h\000m}{chapter.8}% 35
\BOOKMARK [1][-]{section.8.3}{\376\377\000W\000h\000a\000t\000\040\000v\000e\000c\000t\000o\000r\000\040\000s\000p\000a\000c\000e\000\040\000d\000o\000\040\000w\000e\000\040\000h\000a\000v\000e\000?}{chapter.8}% 36
\BOOKMARK [1][-]{section.8.4}{\376\377\000A\000d\000d\000\040\000s\000p\000a\000t\000i\000a\000l\000\040\000i\000n\000f\000o\000r\000m\000a\000t\000i\000o\000n\000\040\000t\000o\000\040\000k\000-\000m\000e\000a\000n\000s}{chapter.8}% 37
\BOOKMARK [1][-]{section.8.5}{\376\377\000W\000h\000e\000n\000\040\000c\000a\000n\000\040\000c\000l\000u\000s\000t\000e\000r\000i\000n\000g\000\040\000b\000e\000\040\000u\000s\000e\000d\000\040\000o\000n\000\040\000i\000m\000a\000g\000e\000s\000?}{chapter.8}% 38
\BOOKMARK [0][-]{chapter.9}{\376\377\000Q\000u\000a\000d\000\040\000t\000r\000e\000e\000s}{}% 39
\BOOKMARK [1][-]{section.9.1}{\376\377\000P\000r\000i\000n\000c\000i\000p\000l\000e}{chapter.9}% 40
\BOOKMARK [1][-]{section.9.2}{\376\377\000Q\000u\000a\000d\000\040\000t\000r\000e\000e\000\040\000e\000x\000a\000m\000p\000l\000e}{chapter.9}% 41
\BOOKMARK [0][-]{chapter.10}{\376\377\000S\000u\000p\000e\000r\000p\000i\000x\000e\000l\000s}{}% 42
\BOOKMARK [1][-]{section.10.1}{\376\377\000W\000h\000y\000\040\000u\000s\000e\000\040\000s\000u\000p\000e\000r\000p\000i\000x\000e\000l\000s}{chapter.10}% 43
\BOOKMARK [1][-]{section.10.2}{\376\377\000S\000u\000p\000e\000r\000\040\000p\000i\000x\000e\000l\000s}{chapter.10}% 44
\BOOKMARK [1][-]{section.10.3}{\376\377\000M\000e\000r\000g\000i\000n\000g\000\040\000s\000u\000p\000e\000r\000\040\000p\000i\000x\000e\000l\000s}{chapter.10}% 45
\BOOKMARK [1][-]{section.10.4}{\376\377\000S\000e\000g\000m\000e\000n\000t\000a\000t\000i\000o\000n\000\040\000u\000s\000i\000n\000g\000\040\000s\000u\000p\000e\000r\000\040\000p\000i\000x\000e\000l\000s}{chapter.10}% 46
\BOOKMARK [0][-]{chapter.11}{\376\377\000P\000r\000o\000b\000a\000b\000i\000l\000i\000s\000t\000i\000c\000\040\000M\000o\000d\000e\000l\000s\000\040\000o\000f\000\040\000S\000e\000g\000m\000e\000n\000t\000a\000t\000i\000o\000n}{}% 47
\BOOKMARK [0][-]{chapter.12}{\376\377\000S\000u\000m\000m\000a\000r\000y}{}% 48
\BOOKMARK [1][-]{section.12.1}{\376\377\000H\000i\000s\000t\000o\000g\000r\000a\000m\000\040\000b\000a\000s\000e\000d\000\040\000t\000h\000r\000e\000s\000h\000o\000l\000d\000i\000n\000g}{chapter.12}% 49
\BOOKMARK [1][-]{section.12.2}{\376\377\000C\000l\000u\000s\000t\000e\000r\000i\000n\000g\000\040\000-\000\040\000K\000-\000m\000e\000a\000n\000s}{chapter.12}% 50
\BOOKMARK [1][-]{section.12.3}{\376\377\000S\000i\000m\000i\000l\000a\000r\000\040\000r\000e\000g\000i\000o\000n\000\040\000s\000e\000g\000m\000e\000n\000t\000a\000t\000i\000o\000n\000s}{chapter.12}% 51
\BOOKMARK [0][-]{chapter.13}{\376\377\000S\000u\000p\000e\000r\000v\000i\000s\000e\000d\000\040\000S\000e\000g\000m\000e\000n\000t\000a\000t\000i\000o\000n\000\040\000A\000p\000p\000r\000o\000a\000c\000h\000e\000s}{}% 52
\BOOKMARK [1][-]{section.13.1}{\376\377\000O\000v\000e\000r\000v\000i\000e\000w}{chapter.13}% 53
\BOOKMARK [1][-]{section.13.2}{\376\377\000R\000e\000a\000d\000i\000n\000g\000\040\000M\000a\000t\000e\000r\000i\000a\000l}{chapter.13}% 54
\BOOKMARK [0][-]{chapter.14}{\376\377\000B\000a\000s\000i\000c\000\040\000M\000e\000t\000h\000o\000d\000s\000\040\000O\000v\000e\000r\000v\000i\000e\000w}{}% 55
\BOOKMARK [1][-]{section.14.1}{\376\377\000T\000r\000a\000i\000n\000i\000n\000g}{chapter.14}% 56
\BOOKMARK [1][-]{section.14.2}{\376\377\000P\000r\000e\000d\000i\000c\000t\000i\000n\000g}{chapter.14}% 57
\BOOKMARK [0][-]{chapter.15}{\376\377\000C\000l\000a\000s\000s\000i\000f\000i\000c\000a\000t\000i\000o\000n}{}% 58
\BOOKMARK [1][-]{section.15.1}{\376\377\000L\000e\000t\000s\000\040\000c\000r\000e\000a\000t\000e\000\040\000s\000o\000m\000e\000\040\000d\000a\000t\000a\040\046}{chapter.15}% 59
\BOOKMARK [1][-]{section.15.2}{\376\377\000N\000e\000a\000r\000e\000s\000t\000\040\000N\000e\000i\000g\000h\000b\000o\000r\000\040\000\050\000o\000r\000\040\000K\000\040\000N\000e\000a\000r\000e\000s\000t\000\040\000N\000e\000i\000g\000h\000b\000o\000r\000s\000\051}{chapter.15}% 60
\BOOKMARK [1][-]{section.15.3}{\376\377\000T\000e\000x\000t\000\040\000e\000x\000a\000m\000p\000l\000e}{chapter.15}% 61
\BOOKMARK [1][-]{section.15.4}{\376\377\000N\000e\000a\000r\000e\000s\000t\000\040\000n\000e\000i\000g\000h\000b\000o\000r\000\040\000p\000r\000e\000d\000i\000c\000t\000i\000o\000n\000s}{chapter.15}% 62
\BOOKMARK [1][-]{section.15.5}{\376\377\000L\000e\000t\040\031\000s\000\040\000c\000o\000m\000e\000\040\000b\000a\000c\000k\000\040\000t\000o\000\040\000t\000h\000e\000\040\000b\000l\000o\000b\000\040\000d\000a\000t\000a}{chapter.15}% 63
\BOOKMARK [1][-]{section.15.6}{\376\377\000T\000r\000a\000i\000n\000i\000n\000g\000\040\000t\000h\000e\000\040\000m\000o\000d\000e\000l\000\040\000u\000s\000i\000n\000g\000\040\000o\000n\000e\000\040\000n\000e\000i\000g\000h\000b\000o\000r}{chapter.15}% 64
\BOOKMARK [1][-]{section.15.7}{\376\377\000S\000t\000a\000b\000i\000l\000i\000z\000i\000n\000g\000\040\000R\000e\000s\000u\000l\000t\000s\000\040\000-\000\040\000I\000n\000c\000r\000e\000a\000s\000e\000\040\000n\000u\000m\000b\000e\000r\000\040\000o\000f\000\040\000n\000e\000i\000g\000h\000b\000o\000r\000s}{chapter.15}% 65
\BOOKMARK [0][-]{chapter.16}{\376\377\000L\000i\000n\000e\000a\000r\000\040\000R\000e\000g\000r\000e\000s\000s\000i\000o\000n}{}% 66
\BOOKMARK [1][-]{section.16.1}{\376\377\000W\000e\000\040\000n\000e\000e\000d\000\040\000d\000a\000t\000a\000\040\000t\000o\000\040\000f\000i\000t\040\046}{chapter.16}% 67
\BOOKMARK [1][-]{section.16.2}{\376\377\000R\000e\000g\000r\000e\000s\000s\000i\000o\000n\000\040\000o\000n\000\040\000b\000l\000o\000b\000\040\000d\000a\000t\000a}{chapter.16}% 68
\BOOKMARK [1][-]{section.16.3}{\376\377\000T\000r\000a\000i\000n\000\040\000t\000h\000e\000\040\000r\000e\000g\000r\000e\000s\000s\000i\000o\000n\000\040\000m\000o\000d\000e\000l}{chapter.16}% 69
\BOOKMARK [0][-]{chapter.17}{\376\377\000D\000e\000c\000i\000s\000i\000o\000n\000\040\000t\000r\000e\000e\000s}{}% 70
\BOOKMARK [1][-]{section.17.1}{\376\377\000C\000r\000e\000a\000t\000e\000\040\000a\000\040\000d\000e\000c\000i\000s\000i\000o\000n\000\040\000t\000r\000e\000e\000\040\000c\000l\000a\000s\000s\000i\000f\000i\000e\000r}{chapter.17}% 71
\BOOKMARK [1][-]{section.17.2}{\376\377\000D\000e\000c\000i\000s\000i\000o\000n\000\040\000t\000r\000e\000e\000s\000\040\000o\000n\000\040\000t\000h\000e\000\040\000b\000l\000o\000b\000\040\000d\000a\000t\000a}{chapter.17}% 72
\BOOKMARK [1][-]{section.17.3}{\376\377\000R\000a\000n\000d\000o\000m\000\040\000F\000o\000r\000e\000s\000t\000s}{chapter.17}% 73
\BOOKMARK [0][-]{chapter.18}{\376\377\000P\000i\000p\000e\000l\000i\000n\000e\000s}{}% 74
\BOOKMARK [1][-]{section.18.1}{\376\377\000L\000e\000t\040\031\000s\000\040\000t\000h\000e\000\040\000r\000e\000t\000u\000r\000n\000\040\000t\000o\000\040\000t\000h\000e\000\040\000b\000l\000o\000b\000s}{chapter.18}% 75
\BOOKMARK [1][-]{section.18.2}{\376\377\000A\000\040\000b\000a\000s\000i\000c\000\040\000p\000i\000p\000e\000l\000i\000n\000e}{chapter.18}% 76
\BOOKMARK [1][-]{section.18.3}{\376\377\000A\000d\000d\000i\000n\000g\000\040\000t\000a\000s\000k\000s\000\040\000t\000o\000\040\000t\000h\000e\000\040\000p\000i\000p\000e\000l\000i\000n\000e}{chapter.18}% 77
\BOOKMARK [0][-]{chapter.19}{\376\377\000C\000l\000a\000s\000s\000i\000f\000i\000c\000a\000t\000i\000o\000n\000\040\000u\000s\000i\000n\000g\000\040\000a\000\040\000p\000i\000p\000e\000l\000i\000n\000e}{}% 78
\BOOKMARK [1][-]{section.19.1}{\376\377\000L\000e\000t\000s\000\040\000l\000o\000a\000d\000\040\000s\000o\000m\000e\000\040\000i\000m\000a\000g\000e\000s}{chapter.19}% 79
\BOOKMARK [1][-]{section.19.2}{\376\377\000R\000u\000n\000\040\000a\000\040\000p\000r\000e\000p\000r\000o\000c\000e\000s\000s\000i\000n\000g\000\040\000p\000i\000p\000l\000i\000n\000e}{chapter.19}% 80
\BOOKMARK [1][-]{section.19.3}{\376\377\000A\000d\000d\000\040\000a\000\040\000c\000l\000a\000s\000s\000i\000f\000i\000e\000r}{chapter.19}% 81
\BOOKMARK [1][-]{section.19.4}{\376\377\000T\000e\000s\000t\000\040\000c\000l\000a\000s\000s\000i\000f\000i\000e\000r\000\040\000p\000e\000r\000f\000o\000r\000m\000a\000n\000c\000e}{chapter.19}% 82
\BOOKMARK [1][-]{section.19.5}{\376\377\000W\000o\000w\000!\000\040\000W\000e\040\031\000v\000e\000\040\000b\000u\000i\000l\000t\000\040\000a\000n\000\040\000a\000m\000a\000z\000i\000n\000g\000\040\000a\000l\000g\000o\000r\000i\000t\000h\000m\000!}{chapter.19}% 83
\BOOKMARK [1][-]{section.19.6}{\376\377\000T\000r\000a\000i\000n\000i\000n\000g\000,\000\040\000V\000a\000l\000i\000d\000a\000t\000i\000o\000n\000,\000\040\000a\000n\000d\000\040\000T\000e\000s\000t\000i\000n\000g}{chapter.19}% 84
\BOOKMARK [0][-]{chapter.20}{\376\377\000R\000e\000g\000r\000e\000s\000s\000i\000o\000n\000\040\000u\000s\000i\000n\000g\000\040\000a\000\040\000p\000i\000p\000e\000l\000i\000n\000e}{}% 85
\BOOKMARK [0][-]{chapter.21}{\376\377\000A\000s\000s\000e\000s\000s\000m\000e\000n\000t\000\040\000o\000f\000\040\000m\000u\000l\000t\000i\000-\000c\000a\000t\000e\000g\000o\000r\000y\000\040\000d\000a\000t\000a}{}% 86
\BOOKMARK [1][-]{section.21.1}{\376\377\000I\000n\000c\000r\000e\000a\000s\000i\000n\000g\000\040\000n\000e\000i\000g\000h\000b\000o\000r\000\040\000c\000o\000u\000n\000t}{chapter.21}% 87
\BOOKMARK [0][-]{chapter.22}{\376\377\000S\000e\000g\000m\000e\000n\000t\000a\000t\000i\000o\000n\000\040\000\050\000P\000i\000x\000e\000l\000\040\000C\000l\000a\000s\000s\000i\000f\000i\000c\000a\000t\000i\000o\000n\000\051}{}% 88
\BOOKMARK [1][-]{section.22.1}{\376\377\000W\000h\000e\000r\000e\000\040\000s\000e\000g\000m\000e\000n\000t\000a\000t\000i\000o\000n\000\040\000f\000a\000i\000l\000s\000:\000\040\000M\000i\000t\000o\000c\000h\000o\000n\000d\000r\000i\000a\000\040\000S\000e\000g\000m\000e\000n\000t\000a\000t\000i\000o\000n\000\040\000i\000n\000\040\000E\000M}{chapter.22}% 89
\BOOKMARK [1][-]{section.22.2}{\376\377\000L\000e\000t\040\031\000s\000\040\000t\000r\000y\000\040\000s\000o\000m\000e\000\040\000m\000e\000t\000h\000o\000d\000s\000\040\000t\000o\000\040\000s\000e\000g\000m\000e\000n\000t\000\040\000t\000h\000e\000\040\000m\000i\000t\000o\000c\000h\000o\000n\000d\000r\000i\000a\000\040\000i\000m\000a\000g\000e}{chapter.22}% 90
\BOOKMARK [1][-]{section.22.3}{\376\377\000P\000r\000e\000p\000a\000r\000i\000n\000g\000\040\000t\000h\000e\000\040\000m\000i\000t\000c\000h\000o\000n\000d\000r\000i\000a\000\040\000i\000m\000a\000g\000e\000\040\000a\000n\000d\000\040\000m\000a\000s\000k}{chapter.22}% 91
\BOOKMARK [1][-]{section.22.4}{\376\377\000T\000r\000y\000\040\000a\000\040\000R\000e\000g\000r\000e\000s\000s\000i\000o\000n\000\040\000t\000r\000e\000e}{chapter.22}% 92
\BOOKMARK [1][-]{section.22.5}{\376\377\000R\000e\000g\000r\000e\000s\000s\000i\000o\000n\000\040\000t\000r\000e\000e\000\040\000w\000i\000t\000h\000\040\000p\000o\000s\000i\000t\000i\000o\000n\000\040\000i\000n\000f\000o\000r\000m\000a\000t\000i\000o\000n}{chapter.22}% 93
\BOOKMARK [1][-]{section.22.6}{\376\377\000C\000o\000m\000b\000i\000n\000e\000\040\000K\000-\000M\000e\000a\000n\000s\000\040\000a\000n\000d\000\040\000R\000a\000n\000d\000o\000m\000\040\000F\000o\000r\000e\000s\000t\000\040\000R\000e\000g\000r\000e\000s\000s\000i\000o\000n}{chapter.22}% 94
\BOOKMARK [1][-]{section.22.7}{\376\377\000T\000r\000y\000i\000n\000g\000\040\000p\000o\000l\000y\000n\000o\000m\000i\000a\000l\000\040\000f\000e\000a\000t\000u\000r\000e\000s}{chapter.22}% 95
\BOOKMARK [1][-]{section.22.8}{\376\377\000A\000d\000d\000i\000n\000g\000\040\000S\000m\000a\000r\000t\000e\000r\000\040\000F\000e\000a\000t\000u\000r\000e\000s}{chapter.22}% 96
\BOOKMARK [1][-]{section.22.9}{\376\377\000U\000s\000i\000n\000g\000\040\000t\000h\000e\000\040\000N\000e\000i\000g\000h\000b\000o\000r\000h\000o\000o\000d}{chapter.22}% 97
\BOOKMARK [1][-]{section.22.10}{\376\377\000N\000e\000a\000r\000e\000s\000t\000\040\000N\000e\000i\000g\000h\000b\000o\000r}{chapter.22}% 98
\BOOKMARK [1][-]{section.22.11}{\376\377\000S\000u\000m\000m\000a\000r\000i\000z\000i\000n\000g\000\040\000t\000h\000e\000\040\000p\000i\000p\000e\000l\000i\000n\000e\000\040\000s\000e\000g\000m\000e\000n\000t\000a\000t\000i\000o\000n\000s}{chapter.22}% 99
\BOOKMARK [0][-]{chapter.23}{\376\377\000D\000e\000e\000p\000\040\000l\000e\000a\000r\000n\000i\000n\000g\000\040\000w\000i\000t\000h\000\040\000a\000\040\000U\000-\000N\000e\000t}{}% 100
\BOOKMARK [1][-]{section.23.1}{\376\377\000N\000e\000w\000\040\000t\000r\000a\000i\000n\000i\000n\000g\000\040\000d\000a\000t\000a}{chapter.23}% 101
\BOOKMARK [1][-]{section.23.2}{\376\377\000R\000e\000s\000u\000l\000t\000s\000\040\000f\000r\000o\000m\000\040\000U\000n\000t\000r\000a\000i\000n\000e\000d\000\040\000M\000o\000d\000e\000l}{chapter.23}% 102
\BOOKMARK [1][-]{section.23.3}{\376\377\000A\000\040\000g\000e\000n\000e\000r\000a\000l\000\040\000n\000o\000t\000e\000\040\000o\000n\000\040\000t\000h\000e\000\040\000f\000o\000l\000l\000o\000w\000i\000n\000g\000\040\000d\000e\000m\000o}{chapter.23}% 103
\BOOKMARK [1][-]{section.23.4}{\376\377\000O\000v\000e\000r\000f\000i\000t\000t\000i\000n\000g}{chapter.23}% 104
\BOOKMARK [0][-]{chapter.24}{\376\377\000S\000u\000m\000m\000a\000r\000y}{}% 105
