\BOOKMARK [0][-]{chapter.1}{\376\377\000T\000o\000d\000a\000y\000s\000\040\000l\000e\000c\000t\000u\000r\000e}{}% 1
\BOOKMARK [1][-]{section.1.1}{\376\377\000W\000e\000\040\000n\000e\000e\000d\000\040\000s\000o\000m\000e\000\040\000p\000y\000t\000h\000o\000n\000\040\000m\000o\000d\000u\000l\000e\000s}{chapter.1}% 2
\BOOKMARK [0][-]{chapter.2}{\376\377\000A\000b\000o\000u\000t\000\040\000t\000h\000e\000\040\000c\000o\000u\000r\000s\000e}{}% 3
\BOOKMARK [1][-]{section.2.1}{\376\377\000W\000h\000o\000\040\000a\000r\000e\000\040\000w\000e\000?}{chapter.2}% 4
\BOOKMARK [1][-]{section.2.2}{\376\377\000W\000h\000o\000\040\000a\000r\000e\000\040\000y\000o\000u\000?}{chapter.2}% 5
\BOOKMARK [1][-]{section.2.3}{\376\377\000S\000o\000\040\000h\000o\000w\000\040\000w\000i\000l\000l\000\040\000t\000h\000i\000s\000\040\000e\000v\000e\000r\000\040\000w\000o\000r\000k\000?}{chapter.2}% 6
\BOOKMARK [0][-]{chapter.3}{\376\377\000C\000o\000u\000r\000s\000e\000\040\000E\000x\000p\000e\000c\000t\000a\000t\000i\000o\000n\000s}{}% 7
\BOOKMARK [1][-]{section.3.1}{\376\377\000E\000x\000e\000r\000c\000i\000s\000e\000s}{chapter.3}% 8
\BOOKMARK [1][-]{section.3.2}{\376\377\000S\000c\000i\000e\000n\000c\000e\000\040\000P\000r\000o\000j\000e\000c\000t}{chapter.3}% 9
\BOOKMARK [0][-]{chapter.4}{\376\377\000L\000i\000t\000e\000r\000a\000t\000u\000r\000e\000\040\000/\000\040\000U\000s\000e\000f\000u\000l\000\040\000R\000e\000f\000e\000r\000e\000n\000c\000e\000s}{}% 10
\BOOKMARK [1][-]{section.4.1}{\376\377\000G\000e\000n\000e\000r\000a\000l\000\040\000M\000a\000t\000e\000r\000i\000a\000l}{chapter.4}% 11
\BOOKMARK [1][-]{section.4.2}{\376\377\000T\000o\000d\000a\000y\040\031\000s\000\040\000M\000a\000t\000e\000r\000i\000a\000l}{chapter.4}% 12
\BOOKMARK [1][-]{section.4.3}{\376\377\000M\000o\000t\000i\000v\000a\000t\000i\000o\000n\000\040\000-\000\040\000Y\000o\000u\000\040\000h\000a\000v\000e\000\040\000d\000a\000t\000a\000!}{chapter.4}% 13
\BOOKMARK [1][-]{section.4.4}{\376\377\000M\000o\000t\000i\000v\000a\000t\000i\000o\000n\000\040\000-\000\040\000h\000o\000w\000\040\000t\000o\000\040\000p\000r\000o\000c\000e\000e\000d\000?}{chapter.4}% 14
\BOOKMARK [1][-]{section.4.5}{\376\377\000H\000i\000g\000h\000\040\000a\000c\000q\000u\000i\000s\000i\000t\000i\000o\000n\000\040\000r\000a\000t\000e\000s}{chapter.4}% 15
\BOOKMARK [1][-]{section.4.6}{\376\377\000D\000i\000f\000f\000e\000r\000e\000n\000t\000\040\000s\000o\000u\000r\000c\000e\000s\000\040\000o\000f\000\040\000i\000m\000a\000g\000e\000s}{chapter.4}% 16
\BOOKMARK [1][-]{section.4.7}{\376\377\000M\000o\000t\000i\000v\000a\000t\000i\000o\000n}{chapter.4}% 17
\BOOKMARK [1][-]{section.4.8}{\376\377\000H\000o\000w\000\040\000i\000s\000\040\000t\000i\000m\000e\000\040\000u\000s\000e\000d\000\040\000d\000u\000r\000i\000n\000g\000\040\000t\000h\000e\000\040\000e\000x\000p\000e\000r\000i\000m\000e\000n\000t\000\040\000l\000i\000f\000e\000\040\000c\000y\000c\000l\000e\000?}{chapter.4}% 18
\BOOKMARK [1][-]{section.4.9}{\376\377\000S\000o\040\046\000\040\000h\000o\000w\000\040\000m\000u\000c\000h\000\040\000i\000s\000\040\000a\000\040\000T\000B\000,\000\040\000r\000e\000a\000l\000l\000y\000?}{chapter.4}% 19
\BOOKMARK [1][-]{section.4.10}{\376\377\000O\000v\000e\000r\000w\000h\000e\000l\000m\000e\000d\000\040\000s\000c\000i\000e\000n\000t\000i\000s\000t}{chapter.4}% 20
\BOOKMARK [1][-]{section.4.11}{\376\377\000M\000o\000r\000e\000\040\000o\000v\000e\000r\000w\000h\000e\000l\000m\000e\000d}{chapter.4}% 21
\BOOKMARK [1][-]{section.4.12}{\376\377\000B\000r\000i\000n\000g\000\040\000o\000n\000\040\000t\000h\000e\000\040\000p\000a\000i\000n}{chapter.4}% 22
\BOOKMARK [1][-]{section.4.13}{\376\377\000I\000t\000\040\000g\000e\000t\000s\000\040\000b\000e\000t\000t\000e\000r}{chapter.4}% 23
\BOOKMARK [1][-]{section.4.14}{\376\377\000D\000y\000n\000a\000m\000i\000c\000\040\000I\000n\000f\000o\000r\000m\000a\000t\000i\000o\000n}{chapter.4}% 24
\BOOKMARK [1][-]{section.4.15}{\376\377\000C\000o\000u\000r\000s\000e\000\040\000O\000v\000e\000r\000v\000i\000e\000w}{chapter.4}% 25
\BOOKMARK [1][-]{section.4.16}{\376\377\000P\000r\000o\000j\000e\000c\000t\000s}{chapter.4}% 26
\BOOKMARK [0][-]{chapter.5}{\376\377\000I\000m\000a\000g\000e\000s}{}% 27
\BOOKMARK [1][-]{section.5.1}{\376\377\000A\000n\000\040\000i\000n\000t\000r\000o\000d\000u\000c\000t\000i\000o\000n\000\040\000t\000o\000\040\000i\000m\000a\000g\000e\000s}{chapter.5}% 28
\BOOKMARK [0][-]{chapter.6}{\376\377\000W\000h\000a\000t\000\040\000i\000s\000\040\000a\000n\000\040\000i\000m\000a\000g\000e\000?}{}% 29
\BOOKMARK [1][-]{section.6.1}{\376\377\000I\000m\000a\000g\000e\000\040\000s\000a\000m\000p\000l\000i\000n\000g}{chapter.6}% 30
\BOOKMARK [0][-]{chapter.7}{\376\377\000L\000e\000t\040\031\000s\000\040\000c\000r\000e\000a\000t\000e\000\040\000a\000\040\000s\000m\000a\000l\000l\000\040\000i\000m\000a\000g\000e}{}% 31
\BOOKMARK [1][-]{section.7.1}{\376\377\0002\000D\000\040\000I\000n\000t\000e\000n\000s\000i\000t\000y\000\040\000I\000m\000a\000g\000e\000s}{chapter.7}% 32
\BOOKMARK [1][-]{section.7.2}{\376\377\000L\000o\000o\000k\000u\000p\000\040\000T\000a\000b\000l\000e\000s}{chapter.7}% 33
\BOOKMARK [1][-]{section.7.3}{\376\377\000A\000p\000p\000l\000i\000e\000d\000\040\000L\000U\000T\000s}{chapter.7}% 34
\BOOKMARK [1][-]{section.7.4}{\376\377\0003\000D\000\040\000I\000m\000a\000g\000e\000s}{chapter.7}% 35
\BOOKMARK [1][-]{section.7.5}{\376\377\000M\000u\000l\000t\000i\000p\000l\000e\000\040\000V\000a\000l\000u\000e\000s}{chapter.7}% 36
\BOOKMARK [1][-]{section.7.6}{\376\377\000H\000y\000p\000e\000r\000s\000p\000e\000c\000t\000r\000a\000l\000\040\000I\000m\000a\000g\000i\000n\000g}{chapter.7}% 37
\BOOKMARK [0][-]{chapter.8}{\376\377\000I\000m\000a\000g\000e\000\040\000F\000o\000r\000m\000a\000t\000i\000o\000n}{}% 38
\BOOKMARK [1][-]{section.8.1}{\376\377\000W\000h\000e\000r\000e\000\040\000d\000o\000\040\000i\000m\000a\000g\000e\000s\000\040\000c\000o\000m\000e\000\040\000f\000r\000o\000m\000?}{chapter.8}% 39
\BOOKMARK [0][-]{chapter.9}{\376\377\000A\000c\000q\000u\000i\000r\000i\000n\000g\000\040\000I\000m\000a\000g\000e\000s}{}% 40
\BOOKMARK [1][-]{section.9.1}{\376\377\000T\000r\000a\000d\000i\000t\000i\000o\000n\000a\000l\000\040\000/\000\040\000D\000i\000r\000e\000c\000t\000\040\000i\000m\000a\000g\000i\000n\000g}{chapter.9}% 41
\BOOKMARK [1][-]{section.9.2}{\376\377\000I\000n\000d\000i\000r\000e\000c\000t\000\040\000/\000\040\000C\000o\000m\000p\000u\000t\000a\000t\000i\000o\000n\000a\000l\000\040\000i\000m\000a\000g\000i\000n\000g}{chapter.9}% 42
\BOOKMARK [1][-]{section.9.3}{\376\377\000T\000r\000a\000d\000i\000t\000i\000o\000n\000a\000l\000\040\000I\000m\000a\000g\000i\000n\000g}{chapter.9}% 43
\BOOKMARK [1][-]{section.9.4}{\376\377\000T\000r\000a\000d\000i\000t\000i\000o\000n\000a\000l\000\040\000I\000m\000a\000g\000i\000n\000g\000:\000\040\000M\000o\000d\000e\000l}{chapter.9}% 44
\BOOKMARK [1][-]{section.9.5}{\376\377\000I\000n\000d\000i\000r\000e\000c\000t\000\040\000I\000m\000a\000g\000i\000n\000g\000\040\000\050\000C\000o\000m\000p\000u\000t\000a\000t\000i\000o\000n\000a\000l\000\040\000I\000m\000a\000g\000i\000n\000g\000\051}{chapter.9}% 45
\BOOKMARK [1][-]{section.9.6}{\376\377\000I\000m\000a\000g\000e\000\040\000A\000n\000a\000l\000y\000s\000i\000s}{chapter.9}% 46
\BOOKMARK [1][-]{section.9.7}{\376\377\000I\000m\000a\000g\000e\000\040\000A\000n\000a\000l\000y\000s\000i\000s\000:\000\040\000E\000x\000p\000e\000r\000i\000m\000e\000n\000t\000a\000l\000i\000s\000t}{chapter.9}% 47
\BOOKMARK [1][-]{section.9.8}{\376\377\000I\000m\000a\000g\000e\000\040\000A\000n\000a\000l\000y\000s\000i\000s\000:\000\040\000C\000o\000m\000p\000u\000t\000e\000r\000\040\000V\000i\000s\000i\000o\000n\000\040\000A\000p\000p\000r\000o\000a\000c\000h\000e\000s}{chapter.9}% 48
\BOOKMARK [1][-]{section.9.9}{\376\377\000I\000m\000a\000g\000e\000\040\000A\000n\000a\000l\000y\000s\000i\000s\000:\000\040\000D\000e\000e\000p\000\040\000L\000e\000a\000r\000n\000i\000n\000g\000\040\000A\000p\000p\000r\000o\000a\000c\000h}{chapter.9}% 49
\BOOKMARK [0][-]{chapter.10}{\376\377\000O\000n\000\040\000S\000c\000i\000e\000n\000c\000e}{}% 50
\BOOKMARK [1][-]{section.10.1}{\376\377\000W\000h\000a\000t\000\040\000i\000s\000\040\000t\000h\000e\000\040\000p\000u\000r\000p\000o\000s\000e\000?}{chapter.10}% 51
\BOOKMARK [1][-]{section.10.2}{\376\377\000S\000c\000i\000e\000n\000c\000e\000\040\000a\000n\000d\000\040\000I\000m\000a\000g\000i\000n\000g}{chapter.10}% 52
\BOOKMARK [1][-]{section.10.3}{\376\377\000W\000h\000y\000\040\000q\000u\000a\000n\000t\000i\000t\000a\000t\000i\000v\000e\000?}{chapter.10}% 53
\BOOKMARK [1][-]{section.10.4}{\376\377\000I\000n\000t\000e\000n\000s\000i\000t\000y\000\040\000g\000r\000a\000d\000i\000e\000n\000t\000s}{chapter.10}% 54
\BOOKMARK [1][-]{section.10.5}{\376\377\000R\000e\000p\000r\000o\000d\000u\000c\000i\000b\000i\000l\000i\000t\000y\000\040\000v\000s\000.\000\040\000R\000e\000p\000e\000a\000t\000a\000b\000i\000l\000i\000t\000y}{chapter.10}% 55
\BOOKMARK [1][-]{section.10.6}{\376\377\000R\000e\000p\000r\000o\000d\000u\000c\000i\000b\000i\000l\000i\000t\000y\000\040\000v\000s\000.\000\040\000R\000e\000p\000e\000a\000t\000a\000b\000i\000l\000i\000t\000y}{chapter.10}% 56
\BOOKMARK [1][-]{section.10.7}{\376\377\000H\000o\000w\000\040\000c\000a\000n\000\040\000w\000e\000\040\000k\000e\000e\000p\000\040\000t\000r\000a\000c\000k\000\040\000o\000f\000\040\000e\000v\000e\000r\000y\000t\000h\000i\000n\000g\000\040\000f\000o\000r\000\040\000o\000u\000r\000s\000e\000l\000v\000e\000s\000\040\000a\000n\000d\000\040\000o\000t\000h\000e\000r\000s\000?}{chapter.10}% 57
\BOOKMARK [0][-]{chapter.11}{\376\377\000C\000o\000m\000p\000u\000t\000i\000n\000g\000\040\000h\000a\000s\000\040\000c\000h\000a\000n\000g\000e\000d\000:\000\040\000P\000a\000r\000a\000l\000l\000e\000l}{}% 58
\BOOKMARK [1][-]{section.11.1}{\376\377\000M\000o\000o\000r\000e\000s\000\040\000L\000a\000w}{chapter.11}% 59
\BOOKMARK [1][-]{section.11.2}{\376\377\000C\000o\000m\000p\000u\000t\000i\000n\000g\000\040\000h\000a\000s\000\040\000c\000h\000a\000n\000g\000e\000d\000:\000\040\000C\000l\000o\000u\000d}{chapter.11}% 60
\BOOKMARK [1][-]{section.11.3}{\376\377\000C\000l\000o\000u\000d\000\040\000C\000o\000m\000p\000u\000t\000i\000n\000g\000\040\000C\000o\000s\000t\000s}{chapter.11}% 61
\BOOKMARK [1][-]{section.11.4}{\376\377\000C\000l\000o\000u\000d\000:\000\040\000E\000q\000u\000a\000l\000\040\000C\000o\000s\000t\000\040\000P\000o\000i\000n\000t}{chapter.11}% 62
\BOOKMARK [0][-]{chapter.12}{\376\377\000S\000o\000u\000p\000/\000R\000e\000c\000i\000p\000e\000\040\000E\000x\000a\000m\000p\000l\000e}{}% 63
\BOOKMARK [1][-]{section.12.1}{\376\377\000S\000i\000m\000p\000l\000e\000\040\000S\000o\000u\000p}{chapter.12}% 64
\BOOKMARK [1][-]{section.12.2}{\376\377\000M\000o\000r\000e\000\040\000c\000o\000m\000p\000l\000i\000c\000a\000t\000e\000d\000\040\000s\000o\000u\000p}{chapter.12}% 65
\BOOKMARK [0][-]{chapter.13}{\376\377\000U\000s\000i\000n\000g\000\040\000f\000l\000o\000w\000\040\000c\000h\000a\000r\000t\000s\000\040\000/\000\040\000w\000o\000r\000k\000f\000l\000o\000w\000s}{}% 66
\BOOKMARK [1][-]{section.13.1}{\376\377\000S\000i\000m\000p\000l\000e\000\040\000S\000o\000u\000p}{chapter.13}% 67
\BOOKMARK [1][-]{section.13.2}{\376\377\000W\000o\000r\000k\000f\000l\000o\000w\000s}{chapter.13}% 68
\BOOKMARK [0][-]{chapter.14}{\376\377\000D\000i\000r\000e\000c\000t\000e\000d\000\040\000A\000c\000y\000c\000l\000i\000c\000a\000l\000\040\000G\000r\000a\000p\000h\000s\000\040\000\050\000D\000A\000G\000\051}{}% 69
\BOOKMARK [0][-]{chapter.15}{\376\377\000C\000o\000n\000c\000r\000e\000t\000e\000\040\000e\000x\000a\000m\000p\000l\000e}{}% 70
\BOOKMARK [0][-]{chapter.16}{\376\377\000L\000e\000t\040\031\000s\000\040\000g\000o\000\040\000b\000i\000g}{}% 71
\BOOKMARK [0][-]{chapter.17}{\376\377\000D\000e\000e\000p\000\040\000L\000e\000a\000r\000n\000i\000n\000g}{}% 72
